Oct 25 11:11 : avahi: Failed to add service _mpd._tcp: Local name collision
Oct 25 11:11 : exception: Failed to open /home/crome/.mpd/mpdstate: No such file or directory
Oct 25 11:11 : exception: OutputThread could not get realtime scheduling, continuing anyway: sched_setscheduler failed: Operation not permitted
Oct 25 11:11 : update: added /01 - Ae Dil Hai Mushkil - Title Track (128 Kbps) - DownloadMing.SE.mp3
Oct 25 11:11 : update: added /01 Bol Do Na Zara.mp3
Oct 25 11:11 : update: added /01 Sanam Teri Kasam (Title Song) Ankit Tiwari 190Kbps.mp3
Oct 25 11:11 : update: added /02 Itni Si Baat Hain (SongsMp3.Com).mp3
Oct 25 11:11 : ffmpeg/mov,mp4,m4a,3gp,3g2,mj2: stream 0, timescale not set
Oct 25 11:11 : update: added /02 Who Owns My Heart.m4a
Oct 25 11:11 : update: added /03 Bewajah - Sanam Teri Kasam (Himesh Reshammiya) 190Kbps.mp3
Oct 25 11:11 : update: added /03 Hasi (Amit Mishra) Hamari Adhuri Kahani - 190Kbps.mp3
Oct 25 11:11 : update: added /04_-_Manchala(MyMp3Song.Com).mp3
Oct 25 11:11 : ffmpeg/mov,mp4,m4a,3gp,3g2,mj2: stream 0, timescale not set
Oct 25 11:11 : update: added /05 - Rang Jo Lagyo.m4a
Oct 25 11:11 : update: added /05 The Chainsmokers and Coldplay - Something Just Like This.mp3
Oct 25 11:11 : update: added /20. YEH SHAAM MASTANI.m4a
Oct 25 11:11 : update: added /26. AATE JATE KHOOBSURAT.m4a
Oct 25 11:11 : update: added /27. CHHUP GAYE SARE NAZARE.m4a
Oct 25 11:11 : update: added /33. HUMEIN TUMSE PYAR KITNA.m4a
Oct 25 11:11 : update: added /37. KORA KAGAZ THA.m4a
Oct 25 11:11 : update: added /Justin_Timberlake_-_Cant_Stop_The_Feeling.mp3
Oct 25 11:11 : update: added /Kabhi Kabhi Mere Dil Mein Duet-(Mr-Jatt.com).mp3
Oct 25 11:11 : update: added /Khiltein Hai Gul Yahan.m4a
Oct 25 11:11 : update: added /Kizha Ke Phool.m4a
Oct 25 11:11 : update: added /Koi_Deewana_Kehta_Hai_By_Dr._Kumar_Vishwas(MyMp3Song).mp3
Oct 25 11:11 : update: added /Kora Kagaz Tha.m4a
Oct 25 11:11 : update: added LINKIN PARK - DISCOGRAPHY/01 - Hybrid Theory (2000)/01 - Papercut.mp3
Oct 25 11:11 : update: added LINKIN PARK - DISCOGRAPHY/01 - Hybrid Theory (2000)/02 - One Step Closer.mp3
Oct 25 11:11 : update: added LINKIN PARK - DISCOGRAPHY/01 - Hybrid Theory (2000)/03 - With You.mp3
Oct 25 11:11 : update: added LINKIN PARK - DISCOGRAPHY/01 - Hybrid Theory (2000)/04 - Points Of Authority.mp3
Oct 25 11:11 : update: added LINKIN PARK - DISCOGRAPHY/01 - Hybrid Theory (2000)/05 - Crawling.mp3
Oct 25 11:11 : update: added LINKIN PARK - DISCOGRAPHY/01 - Hybrid Theory (2000)/06 - Runaway.mp3
Oct 25 11:11 : update: added LINKIN PARK - DISCOGRAPHY/01 - Hybrid Theory (2000)/07 - By Myself.mp3
Oct 25 11:11 : update: added LINKIN PARK - DISCOGRAPHY/01 - Hybrid Theory (2000)/08 - In The End.mp3
Oct 25 11:11 : update: added LINKIN PARK - DISCOGRAPHY/01 - Hybrid Theory (2000)/09 - A Place For My Head.mp3
Oct 25 11:11 : update: added LINKIN PARK - DISCOGRAPHY/01 - Hybrid Theory (2000)/10 - Forgotten.mp3
Oct 25 11:11 : update: added LINKIN PARK - DISCOGRAPHY/01 - Hybrid Theory (2000)/11 - Cure For The Itch.mp3
Oct 25 11:11 : update: added LINKIN PARK - DISCOGRAPHY/01 - Hybrid Theory (2000)/12 - Pushing Me Away.mp3
Oct 25 11:11 : update: added LINKIN PARK - DISCOGRAPHY/01 - Hybrid Theory (2000)/13 - High Voltage.mp3
Oct 25 11:11 : update: added LINKIN PARK - DISCOGRAPHY/01 - Hybrid Theory (2000)/14 - My December_.mp3
Oct 25 11:11 : update: added LINKIN PARK - DISCOGRAPHY/02 - Reanimation (2002)/01 - Opening.mp3
Oct 25 11:11 : update: added LINKIN PARK - DISCOGRAPHY/02 - Reanimation (2002)/02 - Pts. Of. Athrty.mp3
Oct 25 11:11 : update: added LINKIN PARK - DISCOGRAPHY/02 - Reanimation (2002)/03 - Enth E Nd.mp3
Oct 25 11:11 : update: added LINKIN PARK - DISCOGRAPHY/02 - Reanimation (2002)/04 - Chali.mp3
Oct 25 11:11 : update: added LINKIN PARK - DISCOGRAPHY/02 - Reanimation (2002)/05 - Frgt_10.mp3
Oct 25 11:11 : update: added LINKIN PARK - DISCOGRAPHY/02 - Reanimation (2002)/06 - P5hng Me A_wy.mp3
Oct 25 11:11 : update: added LINKIN PARK - DISCOGRAPHY/02 - Reanimation (2002)/07 - Plc.4 Mie Haed.mp3
Oct 25 11:11 : update: added LINKIN PARK - DISCOGRAPHY/02 - Reanimation (2002)/08 - X-Ecutioner Style.mp3
Oct 25 11:11 : update: added LINKIN PARK - DISCOGRAPHY/02 - Reanimation (2002)/09 - H! Vltg3.mp3
Oct 25 11:11 : update: added LINKIN PARK - DISCOGRAPHY/02 - Reanimation (2002)/10 - Riff Raff.mp3
Oct 25 11:11 : update: added LINKIN PARK - DISCOGRAPHY/02 - Reanimation (2002)/11 - Wth_You.mp3
Oct 25 11:11 : update: added LINKIN PARK - DISCOGRAPHY/02 - Reanimation (2002)/12 - Ntr_Mssion.mp3
Oct 25 11:11 : update: added LINKIN PARK - DISCOGRAPHY/02 - Reanimation (2002)/13 - PPr_Kut.mp3
Oct 25 11:11 : update: added LINKIN PARK - DISCOGRAPHY/02 - Reanimation (2002)/14 - Rnw@y.mp3
Oct 25 11:11 : update: added LINKIN PARK - DISCOGRAPHY/02 - Reanimation (2002)/15 - My_Dsmbr.mp3
Oct 25 11:11 : update: added LINKIN PARK - DISCOGRAPHY/02 - Reanimation (2002)/16 - Stef.mp3
Oct 25 11:11 : update: added LINKIN PARK - DISCOGRAPHY/02 - Reanimation (2002)/17 - By_Myslf.mp3
Oct 25 11:11 : update: added LINKIN PARK - DISCOGRAPHY/02 - Reanimation (2002)/18 - Kyur4 Th Ich.mp3
Oct 25 11:11 : update: added LINKIN PARK - DISCOGRAPHY/02 - Reanimation (2002)/19 - 1stp Klosr.mp3
Oct 25 11:11 : update: added LINKIN PARK - DISCOGRAPHY/02 - Reanimation (2002)/20 Krwlng.mp3
Oct 25 11:11 : update: added LINKIN PARK - DISCOGRAPHY/03 - Meteora (2003)/01 - Foreword.mp3
Oct 25 11:11 : update: added LINKIN PARK - DISCOGRAPHY/03 - Meteora (2003)/02 - Don't Say.mp3
Oct 25 11:11 : update: added LINKIN PARK - DISCOGRAPHY/03 - Meteora (2003)/03 - Somewhere I Belong.mp3
Oct 25 11:11 : update: added LINKIN PARK - DISCOGRAPHY/03 - Meteora (2003)/04 - Lying From You.mp3
Oct 25 11:11 : update: added LINKIN PARK - DISCOGRAPHY/03 - Meteora (2003)/05 - Hit The Floor.mp3
Oct 25 11:11 : update: added LINKIN PARK - DISCOGRAPHY/03 - Meteora (2003)/06 - Easier To Run.mp3
Oct 25 11:11 : update: added LINKIN PARK - DISCOGRAPHY/03 - Meteora (2003)/07 - Faint.mp3
Oct 25 11:11 : update: added LINKIN PARK - DISCOGRAPHY/03 - Meteora (2003)/08 - Figure.09.mp3
Oct 25 11:11 : update: added LINKIN PARK - DISCOGRAPHY/03 - Meteora (2003)/09 - Breaking The Habit.mp3
Oct 25 11:11 : update: added LINKIN PARK - DISCOGRAPHY/03 - Meteora (2003)/10 - From The Inside.mp3
Oct 25 11:11 : update: added LINKIN PARK - DISCOGRAPHY/03 - Meteora (2003)/11 - Nobody's Listening.mp3
Oct 25 11:11 : update: added LINKIN PARK - DISCOGRAPHY/03 - Meteora (2003)/12 - Session.mp3
Oct 25 11:11 : update: added LINKIN PARK - DISCOGRAPHY/03 - Meteora (2003)/13 - Numb.mp3
Oct 25 11:11 : update: added LINKIN PARK - DISCOGRAPHY/04 - Live in Texas (2003)/01 - Somewhere I Belong.mp3
Oct 25 11:11 : update: added LINKIN PARK - DISCOGRAPHY/04 - Live in Texas (2003)/02 - Lying From You.mp3
Oct 25 11:11 : update: added LINKIN PARK - DISCOGRAPHY/04 - Live in Texas (2003)/03 - Papercut.mp3
Oct 25 11:11 : update: added LINKIN PARK - DISCOGRAPHY/04 - Live in Texas (2003)/04 - Points Of Authority.mp3
Oct 25 11:11 : update: added LINKIN PARK - DISCOGRAPHY/04 - Live in Texas (2003)/05 - Runaway.mp3
Oct 25 11:11 : update: added LINKIN PARK - DISCOGRAPHY/04 - Live in Texas (2003)/06 - Faint.mp3
Oct 25 11:11 : update: added LINKIN PARK - DISCOGRAPHY/04 - Live in Texas (2003)/07 - From The Inside.mp3
Oct 25 11:11 : update: added LINKIN PARK - DISCOGRAPHY/04 - Live in Texas (2003)/08 - Pushing Me Away.mp3
Oct 25 11:11 : update: added LINKIN PARK - DISCOGRAPHY/04 - Live in Texas (2003)/09 - Numb.mp3
Oct 25 11:11 : update: added LINKIN PARK - DISCOGRAPHY/04 - Live in Texas (2003)/10 - Crawling.mp3
Oct 25 11:11 : update: added LINKIN PARK - DISCOGRAPHY/04 - Live in Texas (2003)/11 - In The End.mp3
Oct 25 11:11 : update: added LINKIN PARK - DISCOGRAPHY/04 - Live in Texas (2003)/12 - One Step Closer.mp3
Oct 25 11:11 : update: added LINKIN PARK - DISCOGRAPHY/05 - Minutes to Midnight (2007)/01  Linkin Park - Wake.mp3
Oct 25 11:11 : update: added LINKIN PARK - DISCOGRAPHY/05 - Minutes to Midnight (2007)/02  Linkin Park - Given Up.mp3
Oct 25 11:11 : update: added LINKIN PARK - DISCOGRAPHY/05 - Minutes to Midnight (2007)/03  Linkin Park - Leave Out All The Rest.mp3
Oct 25 11:11 : update: added LINKIN PARK - DISCOGRAPHY/05 - Minutes to Midnight (2007)/04  Linkin Park - Bleed It Out.mp3
Oct 25 11:11 : update: added LINKIN PARK - DISCOGRAPHY/05 - Minutes to Midnight (2007)/05  Linkin Park - Shadow Of The Day.mp3
Oct 25 11:11 : update: added LINKIN PARK - DISCOGRAPHY/05 - Minutes to Midnight (2007)/06  Linkin Park - What I've Done.mp3
Oct 25 11:11 : update: added LINKIN PARK - DISCOGRAPHY/05 - Minutes to Midnight (2007)/07  Linkin Park - Hands Held High.mp3
Oct 25 11:11 : update: added LINKIN PARK - DISCOGRAPHY/05 - Minutes to Midnight (2007)/08  Linkin Park - No More Sorrow.mp3
Oct 25 11:11 : update: added LINKIN PARK - DISCOGRAPHY/05 - Minutes to Midnight (2007)/09  Linkin Park - Valentine's Day.mp3
Oct 25 11:11 : update: added LINKIN PARK - DISCOGRAPHY/05 - Minutes to Midnight (2007)/10  Linkin Park - In Between.mp3
Oct 25 11:11 : update: added LINKIN PARK - DISCOGRAPHY/05 - Minutes to Midnight (2007)/11  Linkin Park - In Pieces.mp3
Oct 25 11:11 : update: added LINKIN PARK - DISCOGRAPHY/05 - Minutes to Midnight (2007)/12  Linkin Park - The Little Things Give You Away.mp3
Oct 25 11:11 : update: added LINKIN PARK - DISCOGRAPHY/06 - Road to Revolution (2008)/01- One Step closer.mp3
Oct 25 11:11 : update: added LINKIN PARK - DISCOGRAPHY/06 - Road to Revolution (2008)/02- From The Inside.mp3
Oct 25 11:11 : update: added LINKIN PARK - DISCOGRAPHY/06 - Road to Revolution (2008)/03- No More Sorrow.mp3
Oct 25 11:11 : update: added LINKIN PARK - DISCOGRAPHY/06 - Road to Revolution (2008)/04- Given Up.mp3
Oct 25 11:11 : update: added LINKIN PARK - DISCOGRAPHY/06 - Road to Revolution (2008)/05- Lying From You.mp3
Oct 25 11:11 : update: added LINKIN PARK - DISCOGRAPHY/06 - Road to Revolution (2008)/06- Hans Held High.mp3
Oct 25 11:11 : update: added LINKIN PARK - DISCOGRAPHY/06 - Road to Revolution (2008)/07- Leave Out All The Rest.mp3
Oct 25 11:11 : update: added LINKIN PARK - DISCOGRAPHY/06 - Road to Revolution (2008)/08- Numb.mp3
Oct 25 11:11 : update: added LINKIN PARK - DISCOGRAPHY/06 - Road to Revolution (2008)/09- The Little Things Give You Away.mp3
Oct 25 11:11 : update: added LINKIN PARK - DISCOGRAPHY/06 - Road to Revolution (2008)/10- Breaking The Habit.mp3
Oct 25 11:11 : update: added LINKIN PARK - DISCOGRAPHY/06 - Road to Revolution (2008)/11- Shadow Of The Day.mp3
Oct 25 11:11 : update: added LINKIN PARK - DISCOGRAPHY/06 - Road to Revolution (2008)/12- Crawling.mp3
Oct 25 11:11 : update: added LINKIN PARK - DISCOGRAPHY/06 - Road to Revolution (2008)/13- In The End.mp3
Oct 25 11:11 : update: added LINKIN PARK - DISCOGRAPHY/06 - Road to Revolution (2008)/14- Pushing Me Away.mp3
Oct 25 11:11 : update: added LINKIN PARK - DISCOGRAPHY/06 - Road to Revolution (2008)/15- What I`ve Done.mp3
Oct 25 11:11 : update: added LINKIN PARK - DISCOGRAPHY/06 - Road to Revolution (2008)/16- Numb Encore (Feat. Jay-Z).mp3
Oct 25 11:11 : update: added LINKIN PARK - DISCOGRAPHY/06 - Road to Revolution (2008)/17- Jigga What-Faint (Feat. Jay-Z).mp3
Oct 25 11:11 : update: added LINKIN PARK - DISCOGRAPHY/06 - Road to Revolution (2008)/18- Bleed It Out.mp3
Oct 25 11:11 : update: added LINKIN PARK - DISCOGRAPHY/07 - A Thousand Suns (2010)/01 - The Requiem.mp3
Oct 25 11:11 : update: added LINKIN PARK - DISCOGRAPHY/07 - A Thousand Suns (2010)/02 - The Radiance.mp3
Oct 25 11:11 : update: added LINKIN PARK - DISCOGRAPHY/07 - A Thousand Suns (2010)/03 - Burning In The Skies.mp3
Oct 25 11:11 : update: added LINKIN PARK - DISCOGRAPHY/07 - A Thousand Suns (2010)/04 - Empty Spaces.mp3
Oct 25 11:11 : update: added LINKIN PARK - DISCOGRAPHY/07 - A Thousand Suns (2010)/05 - When they Come For Me.mp3
Oct 25 11:11 : update: added LINKIN PARK - DISCOGRAPHY/07 - A Thousand Suns (2010)/06 - Robot Boy.mp3
Oct 25 11:11 : update: added LINKIN PARK - DISCOGRAPHY/07 - A Thousand Suns (2010)/07 - Jornada Del Muerto.mp3
Oct 25 11:11 : update: added LINKIN PARK - DISCOGRAPHY/07 - A Thousand Suns (2010)/08 - Waiting For The End.mp3
Oct 25 11:11 : update: added LINKIN PARK - DISCOGRAPHY/07 - A Thousand Suns (2010)/09 - Blackout.mp3
Oct 25 11:11 : update: added LINKIN PARK - DISCOGRAPHY/07 - A Thousand Suns (2010)/10 - Wretches And Kings.mp3
Oct 25 11:11 : update: added LINKIN PARK - DISCOGRAPHY/07 - A Thousand Suns (2010)/11 - Wisdom, Justice And Love.mp3
Oct 25 11:11 : update: added LINKIN PARK - DISCOGRAPHY/07 - A Thousand Suns (2010)/12 - Iridescent.mp3
Oct 25 11:11 : update: added LINKIN PARK - DISCOGRAPHY/07 - A Thousand Suns (2010)/13 - Fallout.mp3
Oct 25 11:11 : update: added LINKIN PARK - DISCOGRAPHY/07 - A Thousand Suns (2010)/14 - The Catalyst.mp3
Oct 25 11:11 : update: added LINKIN PARK - DISCOGRAPHY/07 - A Thousand Suns (2010)/15 - The Messenger.mp3
Oct 25 11:11 : update: added LINKIN PARK - DISCOGRAPHY/08 - Living Things (2012)/01 - Linkin Park - Lost In The Echo.mp3
Oct 25 11:11 : update: added LINKIN PARK - DISCOGRAPHY/08 - Living Things (2012)/02 - Linkin Park - In My Remains.mp3
Oct 25 11:11 : update: added LINKIN PARK - DISCOGRAPHY/08 - Living Things (2012)/03 - Linkin Park - Burn It Down.mp3
Oct 25 11:11 : update: added LINKIN PARK - DISCOGRAPHY/08 - Living Things (2012)/04 - Linkin Park - Lies Greed Misery.mp3
Oct 25 11:11 : update: added LINKIN PARK - DISCOGRAPHY/08 - Living Things (2012)/05 - Linkin Park - I'll Be Gone.mp3
Oct 25 11:11 : update: added LINKIN PARK - DISCOGRAPHY/08 - Living Things (2012)/06 - Linkin Park - Castle Of Glass.mp3
Oct 25 11:11 : update: added LINKIN PARK - DISCOGRAPHY/08 - Living Things (2012)/07 - Linkin Park - Victimized.mp3
Oct 25 11:11 : update: added LINKIN PARK - DISCOGRAPHY/08 - Living Things (2012)/08 - Linkin Park - Roads Untraveled.mp3
Oct 25 11:11 : update: added LINKIN PARK - DISCOGRAPHY/08 - Living Things (2012)/09 - Linkin Park - Skin To Bone.mp3
Oct 25 11:11 : update: added LINKIN PARK - DISCOGRAPHY/08 - Living Things (2012)/10 - Linkin Park - Until It Breaks.mp3
Oct 25 11:11 : update: added LINKIN PARK - DISCOGRAPHY/08 - Living Things (2012)/11 - Linkin Park - Tinfoil.mp3
Oct 25 11:11 : update: added LINKIN PARK - DISCOGRAPHY/08 - Living Things (2012)/12 - Linkin Park - Powerless.mp3
Oct 25 11:11 : update: added LINKIN PARK - DISCOGRAPHY/09 - Recharged (2013)/01 - Linkin Park & Steve Aoki - A Light That Never Comes.mp3
Oct 25 11:11 : update: added LINKIN PARK - DISCOGRAPHY/09 - Recharged (2013)/02 - Mike Shinoda - Castle of Glass.mp3
Oct 25 11:11 : update: added LINKIN PARK - DISCOGRAPHY/09 - Recharged (2013)/03 - Killsonik - Lost in the Echo.mp3
Oct 25 11:11 : update: added LINKIN PARK - DISCOGRAPHY/09 - Recharged (2013)/04 - Mike Shinoda - Victimized.mp3
Oct 25 11:11 : update: added LINKIN PARK - DISCOGRAPHY/09 - Recharged (2013)/05 - Vice & Pusha T - I'll Be Gone.mp3
Oct 25 11:11 : update: added LINKIN PARK - DISCOGRAPHY/09 - Recharged (2013)/06 - Dirtyphonics - Lies Greed Misery.mp3
Oct 25 11:11 : update: added LINKIN PARK - DISCOGRAPHY/09 - Recharged (2013)/07 - Rad Omen feat. Bun B - Roads Untraveled.mp3
Oct 25 11:11 : update: added LINKIN PARK - DISCOGRAPHY/09 - Recharged (2013)/08 - DJ Enferno - Powerless.mp3
Oct 25 11:11 : update: added LINKIN PARK - DISCOGRAPHY/09 - Recharged (2013)/09 - Tom Swoon - Burn It Down.mp3
Oct 25 11:11 : update: added LINKIN PARK - DISCOGRAPHY/09 - Recharged (2013)/10 - Datsik - Until It Breaks.mp3
Oct 25 11:11 : update: added LINKIN PARK - DISCOGRAPHY/09 - Recharged (2013)/11 - Nick Catchdubs feat. Cody B. Ware & Ryu - Skin to Bone.mp3
Oct 25 11:11 : update: added LINKIN PARK - DISCOGRAPHY/09 - Recharged (2013)/12 - Schoolboy - I'll Be Gone.mp3
Oct 25 11:11 : update: added LINKIN PARK - DISCOGRAPHY/09 - Recharged (2013)/13 - Money Mark - Until It Breaks.mp3
Oct 25 11:11 : update: added LINKIN PARK - DISCOGRAPHY/09 - Recharged (2013)/14 - Rick Rubin - A Light That Never Comes (Reboot).mp3
Oct 25 11:11 : update: added LINKIN PARK - DISCOGRAPHY/10 - The Hunting Party (2014)/01 - Guilty All The Same (Feat. Rakim) - Linkin Park.mp3
Oct 25 11:11 : update: added LINKIN PARK - DISCOGRAPHY/10 - The Hunting Party (2014)/02 - The Summoning - Linkin Park.mp3
Oct 25 11:11 : update: added LINKIN PARK - DISCOGRAPHY/10 - The Hunting Party (2014)/03 - War - Linkin Park.mp3
Oct 25 11:11 : update: added LINKIN PARK - DISCOGRAPHY/10 - The Hunting Party (2014)/04 - Wastelands - Linkin Park.mp3
Oct 25 11:11 : update: added LINKIN PARK - DISCOGRAPHY/10 - The Hunting Party (2014)/05 - Until It's Gone - Linkin Park.mp3
Oct 25 11:11 : update: added LINKIN PARK - DISCOGRAPHY/10 - The Hunting Party (2014)/06 - Rebellion (Feat. Daron Malakian) - Linkin Park.mp3
Oct 25 11:11 : update: added LINKIN PARK - DISCOGRAPHY/10 - The Hunting Party (2014)/07 - Mark The Graves - Linkin Park.mp3
Oct 25 11:11 : update: added LINKIN PARK - DISCOGRAPHY/10 - The Hunting Party (2014)/08 - Drawbar (Feat. Tom Morello) - Linkin Park.mp3
Oct 25 11:11 : update: added LINKIN PARK - DISCOGRAPHY/10 - The Hunting Party (2014)/09 - Final Masquerade - Linkin Park.mp3
Oct 25 11:11 : update: added LINKIN PARK - DISCOGRAPHY/10 - The Hunting Party (2014)/10 - A Line In The Sand - Linkin Park.mp3
Oct 25 11:11 : update: added LINKIN PARK - DISCOGRAPHY/10 - The Hunting Party (2014)/11 - Keys To The Kingdom - Linkin Park.mp3
Oct 25 11:11 : update: added LINKIN PARK - DISCOGRAPHY/10 - The Hunting Party (2014)/12 - All For Nothing (Feat. Page Hamilton) - Linkin Park.mp3
Oct 25 11:11 : update: added LINKIN PARK - DISCOGRAPHY/11 - The Very Best Of Linkin Park/16 - Leave Out All The Rest.mp3
Oct 25 11:11 : update: added LINKIN PARK - DISCOGRAPHY/11 - The Very Best Of Linkin Park/01 - In The End.mp3
Oct 25 11:11 : update: added LINKIN PARK - DISCOGRAPHY/11 - The Very Best Of Linkin Park/02 - Numb.mp3
Oct 25 11:11 : update: added LINKIN PARK - DISCOGRAPHY/11 - The Very Best Of Linkin Park/03 - What I've Done.mp3
Oct 25 11:11 : update: added LINKIN PARK - DISCOGRAPHY/11 - The Very Best Of Linkin Park/04 - From The Inside.mp3
Oct 25 11:11 : update: added LINKIN PARK - DISCOGRAPHY/11 - The Very Best Of Linkin Park/05 - Iridescent.mp3
Oct 25 11:11 : update: added LINKIN PARK - DISCOGRAPHY/11 - The Very Best Of Linkin Park/06 - One Step Closer.mp3
Oct 25 11:11 : update: added LINKIN PARK - DISCOGRAPHY/11 - The Very Best Of Linkin Park/07 - Faint.mp3
Oct 25 11:11 : update: added LINKIN PARK - DISCOGRAPHY/11 - The Very Best Of Linkin Park/08 - In Pieces.mp3
Oct 25 11:11 : update: added LINKIN PARK - DISCOGRAPHY/11 - The Very Best Of Linkin Park/09 - Waiting For The End.mp3
Oct 25 11:11 : update: added LINKIN PARK - DISCOGRAPHY/11 - The Very Best Of Linkin Park/10 - Bleed It Out.mp3
Oct 25 11:11 : update: added LINKIN PARK - DISCOGRAPHY/11 - The Very Best Of Linkin Park/11 - Lying From You.mp3
Oct 25 11:11 : update: added LINKIN PARK - DISCOGRAPHY/11 - The Very Best Of Linkin Park/12 - The Catalyst.mp3
Oct 25 11:11 : update: added LINKIN PARK - DISCOGRAPHY/11 - The Very Best Of Linkin Park/13 - Papercut.mp3
Oct 25 11:11 : update: added LINKIN PARK - DISCOGRAPHY/11 - The Very Best Of Linkin Park/14 - Breaking The Habit.mp3
Oct 25 11:11 : update: added LINKIN PARK - DISCOGRAPHY/11 - The Very Best Of Linkin Park/15 - Crawling.mp3
Oct 25 11:11 : update: added LINKIN PARK - DISCOGRAPHY/11 - The Very Best Of Linkin Park/17 - Somewhere I Belong.mp3
Oct 25 11:11 : update: added LINKIN PARK - DISCOGRAPHY/11 - The Very Best Of Linkin Park/18 - Shadow Of The Day.mp3
Oct 25 11:11 : update: added LINKIN PARK - DISCOGRAPHY/11 - The Very Best Of Linkin Park/19 - Given Up.mp3
Oct 25 11:11 : update: added LINKIN PARK - DISCOGRAPHY/11 - The Very Best Of Linkin Park/20 - Lost In The Echo.mp3
Oct 25 11:11 : update: added LINKIN PARK - DISCOGRAPHY/11 - The Very Best Of Linkin Park/21 - Blackbirds.mp3
Oct 25 11:11 : update: added LINKIN PARK - DISCOGRAPHY/11 - The Very Best Of Linkin Park/22 - Castle Of Glass.mp3
Oct 25 11:11 : update: added LINKIN PARK - DISCOGRAPHY/11 - The Very Best Of Linkin Park/23 - Burning In The Skies.mp3
Oct 25 11:11 : update: added LINKIN PARK - DISCOGRAPHY/11 - The Very Best Of Linkin Park/24 - Pushing Me Away.mp3
Oct 25 11:11 : update: added LINKIN PARK - DISCOGRAPHY/11 - The Very Best Of Linkin Park/25 - High Voltage.mp3
Oct 25 11:11 : update: added LINKIN PARK - DISCOGRAPHY/11 - The Very Best Of Linkin Park/26 - Figure.09.mp3
Oct 25 11:11 : update: added LINKIN PARK - DISCOGRAPHY/11 - The Very Best Of Linkin Park/27 - Points Of Authority.mp3
Oct 25 11:11 : update: added LINKIN PARK - DISCOGRAPHY/11 - The Very Best Of Linkin Park/28 - No More Sorrow.mp3
Oct 25 11:11 : update: added LINKIN PARK - DISCOGRAPHY/11 - The Very Best Of Linkin Park/29 - Burn It Down.mp3
Oct 25 11:11 : update: added LINKIN PARK - DISCOGRAPHY/11 - The Very Best Of Linkin Park/30 - A Place For My Head.mp3
Oct 25 11:11 : ffmpeg/mov,mp4,m4a,3gp,3g2,mj2: stream 0, timescale not set
Oct 25 11:11 : update: added /Love You No More.m4a
Oct 25 11:11 : update: added /Magic_-_Rude.mp3
Oct 25 11:11 : update: added /Main Laut Aunga.mp3
Oct 25 11:11 : update: added /Manchala+%28From+%22Hasee+Toh+Phasee%22%29_2784398.mp3
Oct 25 11:11 : update: added Maroon V/Maroon 5 - V (2014)/Animals - Maroon 5 [FLAC Lossless].flac
Oct 25 11:11 : update: added Maroon V/Maroon 5 - V (2014)/Coming Back For You - Maroon 5 [FLAC Lossless].flac
Oct 25 11:11 : update: added Maroon V/Maroon 5 - V (2014)/Feelings - Maroon 5 [FLAC Lossless].flac
Oct 25 11:11 : update: added Maroon V/Maroon 5 - V (2014)/In Your Pocket - Maroon 5 [FLAC Lossless].flac
Oct 25 11:11 : update: added Maroon V/Maroon 5 - V (2014)/It Was Always You - Maroon 5 [FLAC Lossless].flac
Oct 25 11:11 : update: added Maroon V/Maroon 5 - V (2014)/Leaving California - Maroon 5 [FLAC Lossless].flac
Oct 25 11:11 : update: added Maroon V/Maroon 5 - V (2014)/Lost Stars - Adam Levine [FLAC Lossless].flac
Oct 25 11:11 : update: added Maroon V/Maroon 5 - V (2014)/Maps - Maroon 5 [FLAC Lossless].flac
Oct 25 11:11 : update: added Maroon V/Maroon 5 - V (2014)/Maps Remix_ - Maroon 5_ Big Sean [FLAC Lossless].flac
Oct 25 11:11 : update: added Maroon V/Maroon 5 - V (2014)/Maps Slaptop Remix_ - Maroon 5 [FLAC Lossless].flac
Oct 25 11:11 : update: added Maroon V/Maroon 5 - V (2014)/My Heart Is Open - Maroon 5_ Gwen Stefan [FLAC Lossless].flac
Oct 25 11:11 : update: added Maroon V/Maroon 5 - V (2014)/New Love - Maroon 5 [FLAC Lossless].flac
Oct 25 11:11 : update: added Maroon V/Maroon 5 - V (2014)/Sex and Candy - Maroon 5 [FLAC Lossless].flac
Oct 25 11:11 : update: added Maroon V/Maroon 5 - V (2014)/Shoot Love - Maroon 5 [FLAC Lossless].flac
Oct 25 11:11 : update: added Maroon V/Maroon 5 - V (2014)/Sugar - Maroon 5 [FLAC Lossless].flac
Oct 25 11:11 : update: added Maroon V/Maroon 5 - V (2014)/Unkiss Me - Maroon 5 [FLAC Lossless].flac
Oct 25 11:11 : update: added Maroon V/Overexposed (2012)/01 - One More Night (www.SongsLover.pk).mp3
Oct 25 11:11 : update: added Maroon V/Overexposed (2012)/02 - Payphone (www.SongsLover.pk).mp3
Oct 25 11:11 : update: added Maroon V/Overexposed (2012)/03 - Daylight (www.SongsLover.pk).mp3
Oct 25 11:11 : update: added Maroon V/Overexposed (2012)/04 - Lucky Strike (www.SongsLover.pk).mp3
Oct 25 11:11 : update: added Maroon V/Overexposed (2012)/05 - The Man Who Never Lied (www.SongsLover.pk).mp3
Oct 25 11:11 : update: added Maroon V/Overexposed (2012)/06 - Love Somebody (www.SongsLover.pk).mp3
Oct 25 11:11 : update: added Maroon V/Overexposed (2012)/07 - Ladykiller (www.SongsLover.pk).mp3
Oct 25 11:11 : update: added Maroon V/Overexposed (2012)/08 - Fortune Teller (www.SongsLover.pk).mp3
Oct 25 11:11 : update: added Maroon V/Overexposed (2012)/09 - Sad (www.SongsLover.pk).mp3
Oct 25 11:11 : update: added Maroon V/Overexposed (2012)/10 - Tickets (www.SongsLover.pk).mp3
Oct 25 11:11 : update: added Maroon V/Overexposed (2012)/11 - Doin' Dirt (www.SongsLover.pk).mp3
Oct 25 11:11 : update: added Maroon V/Overexposed (2012)/12 - Beautiful Goodbye (www.SongsLover.pk).mp3
Oct 25 11:11 : update: added Maroon V/Overexposed (2012)/13 - Maroon 5 - Wipe Your Eyes.mp3
Oct 25 11:11 : update: added /Me and The Rhythm (Selena Gomez) - 320Kbps(VipMusic.In).mp3
Oct 25 11:11 : update: added /Mera Jahan Video Song _ Gajendra Verma _ Latest Hindi Songs 2017 _ T-Series-j9jlAww4nHQ.m4a
Oct 25 11:11 : update: added /Mere Mehboob.m4a
Oct 25 11:11 : update: added /Mere Naina Sawan Bhado.m4a
Oct 25 11:11 : update: added /42. MERE MEHBOOB.m4a
Oct 25 11:11 : update: added /43. KHILTE HAI GUL YAHAN.m4a
Oct 25 11:11 : update: added /44. KHIZA KE PHOOL.m4a
Oct 25 11:11 : update: added /49. KAHIN DOOR JAB.m4a
Oct 25 11:11 : update: added /50. MERE NAINA SAWAN BHADON.m4a
Oct 25 11:11 : update: added ab/02 Tere Bin Nahi Laage (Male Version) Ek Paheli Leela 320 kbps.mp3
Oct 25 11:11 : update: added ab/08 Tere Bin Nahi Laage  Tulsi Kumar  Ek Pehali Leela 190Kbps.mp3
Oct 25 11:11 : update: added ab/393398-sugar-maroon-5-sugar-sugar-maroon.mp3
Oct 25 11:11 : update: added ab/83312-tere-bin-bangmp3blogspotcom-atif-aslam-bangmp3blogspotcom--1423854936.mp3
Oct 25 11:11 : update: added ab/ishq sufiana.mp3
Oct 25 11:11 : update: added ab/music/001 Rab Kare - Udit & Alka.mp3
Oct 25 11:11 : update: added ab/music/002-Kyun Main Jaagoon.mp3
Oct 25 11:11 : update: added ab/music/005 Laal Dupatta - Udit & Alka.mp3
Oct 25 11:11 : update: added ab/music/01 - Adhoore.mp3
Oct 25 11:11 : update: added ab/music/01 - Bheegi Si Bhaagi Si(MyMp3Song.Com).mp3
Oct 25 11:11 : update: added ab/music/01 - Chand Sifarish(MyMp3Song.Com).mp3
Oct 25 11:11 : update: added ab/music/01 - Lamhaa - Madno [www.mp3
Oct 25 11:11 : update: added ab/music/01 - Raaz 3 - Deewana Kar Raha Hai [DM].mp3
Oct 25 11:11 : update: added ab/music/01 - TN21 - O Sajna [MP3Khan].mp3
Oct 25 11:11 : update: added ab/music/01 Hum Tumko Nigahon Mein - Udit & Shreya .mp3
Oct 25 11:11 : update: added ab/music/01 kabh alvida naa kehna.mp3
Oct 25 11:11 : update: added ab/music/01 Tera Nasha (Nasha).mp3
Oct 25 11:11 : update: added ab/music/02 - AGL - Tu [MP3Khan.Com].mp3
Oct 25 11:11 : update: added ab/music/02 - Heartless - Main Dhoondne Ko 2.mp3
Oct 25 11:11 : update: added ab/music/02 - Jee Le Zaraa(wapking.in).mp3
Oct 25 11:11 : update: added ab/music/02 - Raaz 3 - Zindagi Se [DM].mp3
Oct 25 11:11 : update: added ab/music/02 - TN21 - Mann Mera [MP3Khan].mp3
Oct 25 11:11 : update: added ab/music/02 Ishq Hua.mp3
Oct 25 11:11 : update: added ab/music/02 Kamli - Sunidhi Chauhan.mp3
Oct 25 11:11 : update: added ab/music/02 Ye Dooriyan.mp3
Oct 25 11:11 : update: added ab/music/02-Saajna-(I-Me-Aur-Main)-(Pagalworld.Com).mp3
Oct 25 11:11 : update: added ab/music/02_-_Teri_Saanson_Mein(wapking.cc).mp3
Oct 25 11:11 : update: added ab/music/03 - AGL - Sun Soniye [MP3Khan.Com].mp3
Oct 25 11:11 : update: added ab/music/03 - Bariyan - DownloadMing.SE (2).mp3
Oct 25 11:11 : update: added ab/music/03 - Raat Bhar - Heropanti (MusicFunda.Com).mp3
Oct 25 11:11 : update: added ab/music/03 - Raaz 3 - Rafta Rafta [DM].mp3
Oct 25 11:11 : update: added ab/music/03 KAL HO NA HO.mp3
Oct 25 11:11 : update: added ab/music/04 - Ek Tha Tiger - Saiyaara [DM].mp3
Oct 25 11:11 : update: added ab/music/04 DIL DE DIYA HAI.mp3
Oct 25 11:11 : update: added ab/music/05 TU  YAAD  NA AAYE.mp3
Oct 25 11:11 : update: added ab/music/07 - Rush - Chup Chup Ke [MP3Khan.Com].mp3
Oct 25 11:11 : update: added ab/music/07-Yun-Hi-Re-(-David-)-(Pagalworld.Com).mp3
Oct 25 11:11 : update: added ab/music/08 - Anjaana Anjaani - Tujhe Bhula Diya (The Dance To Forget Mix) [www.DJMaza.Com].mp3
Oct 25 11:11 : update: added ab/music/08-Toh Phir Aao (Remix).mp3
Oct 25 11:11 : update: added ab/music/09 - Jannat 2 - Rab Ka Shukrana (Reprise) [DM].mp3
Oct 25 11:11 : update: added ab/music/10-Milne-Hai-Mujhse-Aayi-(Aashiqui-2)-(Pagalworld.Com).mp3
Oct 25 11:11 : update: added ab/music/14 - Tu Jaane Na (Unplugged Version) - www.Songs.PK.mp3
Oct 25 11:11 : update: added ab/music/7wh2(www.songs.pk).mp3
Oct 25 11:11 : update: added ab/music/a-bazz_-_pehli_nazar_mein_-new_release_2011...mp3
Oct 25 11:11 : update: added ab/music/Aaj Phir (Hate Story 2) Arijit Singh (128Kbps Webrip).mp3
Oct 25 11:11 : update: added ab/music/Aaj raat.mp3
Oct 25 11:11 : update: added ab/music/aashayein03(www.songs.pk).mp3
Oct 25 11:11 : update: added ab/music/aashayein04(www.songs.pk).mp3
Oct 25 11:11 : update: added ab/music/akele tanha.mp3
Oct 25 11:11 : update: added ab/music/02 - Ek Tha Tiger - Laapata [DM].mp3
Oct 25 11:11 : update: added ab/music/03 Ala Hada - Lekar Hum Deewana Dil [PagalWorld.com]190kbps.mp3
Oct 25 11:11 : update: added ab/music/17 - Tere Bin (Bas Ek Pal) @ Fmw11.com.mp3
Oct 25 11:11 : update: added ab/music/anjaana-anjaani05(www.songs.pk).mp3
Oct 25 11:11 : update: added ab/music/force02(www.songs.pk).mp3
Oct 25 11:11 : update: added ab/music/Ijazat  (Talash)-(MirchiFun.com).mp3
Oct 25 11:11 : update: added ab/music/Kismat Konnection - 02 - Bakhuda Tumhi Ho.mp3
Oct 25 11:11 : update: added ab/music/Meherbaan_(Ash_King,_Shilpa_Rao_And_Shekhar)_(Bang_Bang)(www.SongPK.mobi).mp3
Oct 25 11:11 : update: added ab/music/pehla nasha - Copy.mp3
Oct 25 11:11 : update: added ab/music/Teri Meri.mp3
Oct 25 11:11 : update: added ab/music/Tum_Ko(www.mobi99.com).mp3
Oct 25 11:11 : update: added ab/music/[Songs.PK] 04 - Khud Ko Tere.mp3
Oct 25 11:11 : update: added ab/music/[Songs.PK] Hate Story - 01 - Mahe Jaan.mp3
Oct 25 11:11 : update: added ab/music/Atif Aslam-Jannat 2-New song-Lamhon ki hai sada - YouTube - Copy.mp3
Oct 25 11:11 : update: added ab/music/Avril Lavigne - Heres to Never Growing Up (www.SongsLover.pk).mp3
Oct 25 11:11 : update: added ab/music/Bezubaan Phir Se _ Disney's ABCD 2 _ Varun Dhawan & Shraddha Kapoor.mp3
Oct 25 11:11 : update: added ab/music/Bichdann (Reprise) - Sparkshell_1.mp3
Oct 25 11:11 : update: added ab/music/chhayi_hai_tanhai....wmv_mp3_58044.mp3
Oct 25 11:11 : update: added ab/music/DHADKE JIYA.mp3
Oct 25 11:11 : update: added ab/music/Dil Ibaadat (Tum Mile) [SongsKing.iN].mp3
Oct 25 11:11 : update: added ab/music/Do_Anjaane_Ajnabi.mp3
Oct 25 11:11 : update: added ab/music/ekkdeewanatha04(www.songs.pk)(2).mp3
Oct 25 11:11 : update: added ab/music/Falak shabir-hame tmse pyaar.aac
Oct 25 11:11 : update: added ab/music/gajendra_verma_mann_mera_official_video_mp3_43921.mp3
Oct 25 11:11 : update: added ab/music/Galliyan (Progressive Mix) DJ Manj Australia (PagalWorld.com).mp3
Oct 25 11:11 : update: added ab/music/Hal E Dil (Acoustic).mp3
Oct 25 11:11 : update: added ab/music/Hamari_Adhuri_Kahani_(Encore)_(Jeet_Ganguly)(www.SongPK.mobi).mp3
Oct 25 11:11 : update: added ab/music/Hamari_Adhuri_Kahani_(Title_Song)(wapking.cc).mp3
Oct 25 11:11 : update: added ab/music/hamein_tum_se_pyar_kitna_kishore_mp3_63369.mp3
Oct 25 11:11 : update: added ab/music/Heera_(Highway)(www.SongPK.mobi).mp3
Oct 25 11:11 : update: added ab/music/Ho_Gaya_Hai_Pyar_(Tanu_Weds_Manu_Returns)(www.SongPK.mobi).mp3
Oct 25 11:11 : update: added ab/music/Humnava_(Papon)(www.SongPK.mobi).mp3
Oct 25 11:11 : update: added ab/music/I love u unplugged bg.MP3
Oct 25 11:11 : update: added ab/music/Ishq Wala Love.mp3
Oct 25 11:11 : update: added ab/music/i_hate_love_storys_bin_tere_unplugged_reprise_s.mp3
Oct 25 11:11 : update: added ab/music/jaaneman04(www.mp3
Oct 25 11:11 : update: added ab/music/jashne bahara.mp3
Oct 25 11:11 : update: added ab/music/Jee_Karda_(Divya_Kumar)(www.SongPK.mobi).mp3
Oct 25 11:11 : update: added ab/music/Jo-Tere-Sang-(Love-Reprise-Mashup)-Shaikh-Brothers-(FreshMaza.Com) (1).mp3
Oct 25 11:11 : update: added ab/music/Judaai_(Arijit_Singh,_Rekha_Bhardwaj)(www.SongPK.mobi)_3.mp3
Oct 25 11:11 : update: added ab/music/Judai [Songsrush.com] - Jannat 2.mp3
Oct 25 11:11 : update: added ab/music/kahin to.mp3
Oct 25 11:11 : update: added ab/music/khattameetha02(www.songs.pk).mp3
Oct 25 11:11 : update: added ab/music/khattameetha06(www.songs.pk).mp3
Oct 25 11:11 : update: added ab/music/Khwabon Khwabon.mp3
Oct 25 11:11 : update: added ab/music/kites07(www.songs.pk).mp3
Oct 25 11:11 : update: added ab/music/Kuch_Is_Tarah(Mr-Jatt.com).mp3
Oct 25 11:11 : update: added ab/music/KYO KI ITNA PYAAR.mp3
Oct 25 11:11 : update: added ab/music/Lag ja gale k phir.aac
Oct 25 11:11 : update: added ab/music/Lat Lag Gayee (Moves Like Jagger Mashup) - DJ AKS [DJM].mp3
Oct 25 11:11 : update: added ab/music/Love_Me_Thoda_Aur_-_(www.DjRaag.Net).mp3
Oct 25 11:11 : update: added ab/music/Luv Ka The End.mp3
Oct 25 11:11 : update: added ab/music/MAIN HOON NA(SAD).mp3
Oct 25 11:11 : update: added ab/music/Main Rang Sharbaton Ka (PPNP) - Ati.mp3
Oct 25 11:11 : update: added ab/music/maine dil se kaha.mp3
Oct 25 11:11 : update: added ab/music/Manwa_Laage_(Arijit_Singh,_Shreya_Ghoshal)(www.SongPK.mobi).mp3
Oct 25 11:11 : update: added ab/music/Mat_Ja_Re_(Ankit_Tiwari)_(Tanu_Weds_Manu_Returns)(www.SongPK.mobi)_2.mp3
Oct 25 11:11 : update: added ab/music/Meherbaan_(Reprise)_(Shekhar_Ravjiani)_(Bang_Bang)(www.SongPK.mobi).mp3
Oct 25 11:11 : update: added ab/music/Mein Tenu Samjhawan.mp3
Oct 25 11:11 : update: added ab/music/MEIN_H~1.MP3
Oct 25 11:11 : update: added ab/music/Mera Pehla Pehla Pyaa.mp3
Oct 25 11:11 : update: added ab/music/Meri Jana Rap Mix.mp3
Oct 25 11:11 : update: added ab/music/Mohabbat Barsa De (Sawan Aaya) Ft Arjun Creature 3D.mp3
Oct 25 11:11 : update: added ab/music/Muhje_haq_hai_(Vivah_2006)(www.SongPK.mobi).mp3
Oct 25 11:11 : update: added ab/music/Mumkin_Nahin.mp3
Oct 25 11:11 : update: added ab/music/Murder 3 - Teri Jhuki Nazar [Exclusive] - YouTube.mp3
Oct 25 11:11 : update: added ab/music/New folder/01 - Kabhi Jo Baadal Barse - DownloadMing.SE.mp3
Oct 25 11:11 : update: added ab/music/New folder/01 Baby Doll - Ragini MMS 2 [PagalWorld.com] - 190Kbps.mp3
Oct 25 11:11 : update: added ab/music/New folder/01 Sawan Aaya Hai - Creature (Arijit Singh) - 192Kbps.mp3
Oct 25 11:11 : update: added ab/music/New folder/01 Tere Hoke Rehengay - Raja Natwarlal (Arijit) 160Kbps.mp3
Oct 25 11:11 : update: added ab/music/New folder/01. Taare Zameen Par ( FunRocker.Com ).mp3
Oct 25 11:11 : ffmpeg/mov,mp4,m4a,3gp,3g2,mj2: stream 0, timescale not set
Oct 25 11:11 : update: added ab/music/New folder/02 - Saree Ke Fall Sa.m4a
Oct 25 11:11 : update: added ab/music/New folder/02 Banjaara - Ek Villain (PagalWorld.com)190Kbps.mp3
Oct 25 11:11 : update: added ab/music/New folder/02 Locha-E-Ulfat - 2 States [PagalWorld.com].mp3
Oct 25 11:11 : update: added ab/music/New folder/02 Tere Naina Maar Hi Daalenge - Jai Ho [PagalWorld.com].mp3
Oct 25 11:11 : update: added ab/music/New folder/02 Tune Maari Entriyaan (Bappi Lahiri and KK).mp3
Oct 25 11:11 : ffmpeg/mov,mp4,m4a,3gp,3g2,mj2: stream 0, timescale not set
Oct 25 11:11 : update: added ab/music/New folder/03 - Dhokha Dhadi.m4a
Oct 25 11:11 : update: added ab/music/New folder/03 - Heartless - Soniye [WorldFree4u.Com].mp3
Oct 25 11:11 : update: added ab/music/New folder/03 - Shanghai - Duaa [DM].mp3
Oct 25 11:11 : update: added ab/music/New folder/03 Mast Magan - 2 States [Arijit Singh].mp3
Oct 25 11:11 : update: added ab/music/New folder/03 Pink Lips - Hate Story 2 [PagalWorld.com] Meet Bros -192Kbps.mp3
Oct 25 11:11 : update: added ab/music/New folder/03 Zaroorat - Ek Villain ( PagalWorld.com ).mp3
Oct 25 11:11 : update: added ab/music/New folder/03_-_Tera_Rastaa_Chhodoon_Na(MyMp3Song.Com).mp3
Oct 25 11:11 : ffmpeg/mov,mp4,m4a,3gp,3g2,mj2: stream 0, timescale not set
Oct 25 11:11 : update: added ab/music/New folder/04 - Aahatein.m4a
Oct 25 11:11 : update: added ab/music/New folder/04 - Laal Ishq - DownloadMing.SE.mp3
Oct 25 11:11 : ffmpeg/mov,mp4,m4a,3gp,3g2,mj2: stream 0, timescale not set
Oct 25 11:11 : update: added ab/music/New folder/04 - Tu Hi To Mera Pyaar Hai.m4a
Oct 25 11:11 : update: added ab/music/New folder/04 Hai Dil Ye Mera - Hate Story 2 [PagalWorld] Arijit Singh -192Kbps.mp3
Oct 25 11:11 : ffmpeg/mov,mp4,m4a,3gp,3g2,mj2: stream 0, timescale not set
Oct 25 11:11 : update: added ab/music/New folder/05 - Aao Milo Chalo.m4a
Oct 25 11:11 : ffmpeg/mov,mp4,m4a,3gp,3g2,mj2: stream 0, timescale not set
Oct 25 11:11 : update: added ab/music/New folder/05 - Bin Teray.m4a
Oct 25 11:11 : update: added ab/music/New folder/05 - Lahu Munh Lag Gaya - DownloadMing.SE.mp3
Oct 25 11:11 : ffmpeg/mov,mp4,m4a,3gp,3g2,mj2: stream 0, timescale not set
Oct 25 11:11 : update: added ab/music/New folder/05 - Naam Adaa Likhna.m4a
Oct 25 11:11 : update: added ab/music/New folder/05 Chaandaniya - 2 States [PagalWorld.com].mp3
Oct 25 11:11 : update: added ab/music/New folder/05 Hamdard - Ek Villain (Arijit Singh) 190Kbps.mp3
Oct 25 11:11 : update: added ab/music/New folder/05 Tu Hi Hai Aashiqui (Duet) - Dishkiyaoon [PagalWorld.com].mp3
Oct 25 11:11 : update: added ab/music/New folder/05-Kaun-Mera-(Male)-Special-26-(Pagalworld.Com).mp3
Oct 25 11:11 : ffmpeg/mov,mp4,m4a,3gp,3g2,mj2: stream 0, timescale not set
Oct 25 11:11 : update: added ab/music/New folder/06 - Gandi Baat Film Version.m4a
Oct 25 11:11 : update: added ab/music/New folder/06 - khoon chala[www.Songsone.Com].mp3
Oct 25 11:11 : update: added ab/music/New folder/06 Galliyan (Unplugged) - Ek Villain (PagalWorld.com) 190Kbp.mp3
Oct 25 11:11 : update: added ab/music/New folder/06 Tere Binaa (Mustafa Zahid) - Heropanti [PagalWorld.com].mp3
Oct 25 11:11 : update: added ab/music/New folder/07 - Nagada Sang Dol - DownloadMing.SE.mp3
Oct 25 11:11 : update: added ab/music/New folder/08 - Har Kisi Ko (Version 2) - DownloadMing.SE.mp3
Oct 25 11:11 : update: added ab/music/New folder/08 - Issaq - Aag Ka Dariya (Unplugged).mp3
Oct 25 11:11 : update: added ab/music/New folder/08 Kabira Encore (Yeh Jawaani Hai Deewani).mp3
Oct 25 11:11 : update: added ab/music/New folder/08_-_Mujhe_Ishq_Se_www.mp3
Oct 25 11:11 : update: added ab/music/New folder/08__Mai_Tenu_Samjhawa_-_Djs_Vaggy___Stash__www_DjsBuzz_blogspot_Com_.mp3
Oct 25 11:11 : update: added ab/music/New folder/09 Main Dhoondne Ko Zamaane Mein (Reprise) (Heartless) - Ari.mp3
Oct 25 11:11 : update: added ab/music/New folder/10 - Kabhi Jo Baadal Barse (Remix By Rishi) - DownloadMing.SE.mp3
Oct 25 11:11 : update: added ab/music/New folder/6 - Pink Lips (Remix) - Hate Story 2 - [SongsPk.CC].mp3
Oct 25 11:11 : update: added ab/music/New folder/02-Saadi-Galli-Aaja-(Nautanki-Saala)-(Pagalworld.Com).mp3
Oct 25 11:11 : update: added ab/music/New folder/04 Tabah (Mohit Chauhan) - Heropanti [PagalWorld.com].mp3
Oct 25 11:11 : update: added ab/music/New folder/06 Sawan Aaya Hai (Unplugged) - Creature (Tony Kakkar) - 192Kbps.mp3
Oct 25 11:11 : update: added ab/music/New folder/7 - Hai Dil Ye Mera (Remix) - Hate Story 2 - [SongsPk.CC].mp3
Oct 25 11:11 : update: added ab/music/New folder/Galliyan (Love Remix) Ek Villain - Dj Rohan SD (PagalWorld.c.mp3
Oct 25 11:11 : update: added ab/music/New folder/agr_mei_na_rahu_rona_mat_dazler_player_afzal_2013-14_mp3_641.mp3
Oct 25 11:11 : update: added ab/music/New folder/Awari_-_(PunjabiMob.Com).mp3
Oct 25 11:11 : update: added ab/music/New folder/Baarish (Yaariyan) [PagalWorld.com] -190Kbps.mp3
Oct 25 11:11 : update: added ab/music/New folder/Blue Eyes (Yo Yo Honey Singh) -160Kbps.mp3
Oct 25 11:11 : update: added ab/music/New folder/Dard Dilo Ke - The Xpose [PagalWorld.com] -190Kbps.mp3
Oct 25 11:11 : update: added ab/music/New folder/Dil Aaj Kal - KK - Purani Jeans (PagalWorld.com) Full Song.mp3
Oct 25 11:11 : update: added ab/music/New folder/Ek Villain (Official Mashup) - DJ Shadow [PagalWorld.com].mp3
Oct 25 11:11 : update: added ab/music/New folder/ek_galti_-_sad_song.mp3
Oct 25 11:11 : update: added ab/music/New folder/Galliyan (Ek Villain) -190Kbps [PagalWorld.com].mp3
Oct 25 11:11 : update: added ab/music/New folder/I'll_Be_Waiting_(Kabhi_Jo_Baadal_Barse)_Arjun_Feat.Arijit_Singh(wapjam.in).mp3
Oct 25 11:11 : update: added ab/music/New folder/Judah_(Falak_Shabir)(wapking.cc).mp3
Oct 25 11:11 : update: added ab/music/New folder/kabhi_jo_baadal_barse_female_version_jackpot_mp3_29500(0).mp3
Oct 25 11:11 : update: added ab/music/New folder/Kaise-Bataaoon-(3G)-KK-(Pagalworld.Com).mp3
Oct 25 11:11 : update: added ab/music/New folder/Maahi_Ve_-_(www.DjRaag.Net).mp3
Oct 25 11:11 : update: added ab/music/New folder/mere mehboob qayamat hogi (rap by yo yo honey singh).mp3
Oct 25 11:11 : update: added ab/music/New folder/Muskurane (Citylights) Arijit Singh -190Kbps [PagalWorld.com.mp3
Oct 25 11:11 : update: added ab/music/New folder/Patakha_Guddi-(Jatt.fm).mp3
Oct 25 11:11 : update: added ab/music/New folder/Samjhawan (Humpty Sharma Ki Dulhania) (Arijit Singh) 320Kbps.mp3
Oct 25 11:11 : update: added ab/music/New folder/Saturday Saturday (Humpty Sharma Ki Dulhania).mp3
Oct 25 11:11 : update: added ab/music/New folder/Sukoon_Mila_-_(www.DjRaag.Net).mp3
Oct 25 11:11 : update: added ab/music/New folder/Suno Na Sangemarmar (Youngistaan) - 190Kbps [Arijit Singh].mp3
Oct 25 11:11 : update: added ab/music/New folder/tu_mujhe_soch_kabhi_tu_kisi_aur_ko_chahe_kabhi_khuda_na_kare.mp3
Oct 25 11:11 : update: added ab/music/New folder/Zaroori Tha - Rahat Fateh Ali Khan [PagalWorld.com]_2.mp3
Oct 25 11:11 : update: added ab/music/New folder/[Songs.PK] 03 - Creature - Naam-E-Wafa.mp3
Oct 25 11:11 : update: added ab/music/O Heeriye (Ayushmann Khurrana) -320Kbps [DJMaza].mp3
Oct 25 11:11 : update: added ab/music/O_Re_Piya_-_(www.DjRaag.Net).mp3
Oct 25 11:11 : update: added ab/music/Pani-Da-Rang-(mashup-Remix)-DJ-Chetas-(FreshMaza.Com) - Copy.mp3
Oct 25 11:11 : update: added ab/music/Phir suna - Copy.MP3
Oct 25 11:11 : update: added ab/music/Right Now - Copy.mp3
Oct 25 11:11 : update: added ab/music/Saal (Original Edit) - Bilal Saeed [www.DJMaza.Com] - Copy.mp3
Oct 25 11:11 : update: added ab/music/Sajni (Slow Version).mp3
Oct 25 11:11 : update: added ab/music/Sang hu tere. - Copy.MP3
Oct 25 11:11 : update: added ab/music/Shah-Rukh-Khan-(-The-King-Khan-Mashup-)-DJ-Shadow-Dubai-(Pag - Copy.mp3
Oct 25 11:11 : update: added ab/music/Shanivaar-Raati_(webmusic.in).mp3
Oct 25 11:11 : update: added ab/music/Soniye - Copy.mp3
Oct 25 11:11 : update: added ab/music/Tare Gin Gin - YouTube - Copy.mp3
Oct 25 11:11 : update: added ab/music/Tera Naam Doon.mp3
Oct 25 11:11 : update: added ab/music/Tere Bina m - Copy.mp3
Oct 25 11:11 : update: added ab/music/TereHokeRahengayRepriseSongspknameRingtone.mp3
Oct 25 11:11 : update: added ab/music/Teri kasam(Falak Shabir).mp3
Oct 25 11:11 : update: added ab/music/teri_justajoo_saware_full_song_mp3_60911 - Copy.mp3
Oct 25 11:11 : update: added ab/music/thetrain02(www.songs.pk).mp3
Oct 25 11:11 : update: added ab/music/Tonight (I'm Lovin You)..mp3
Oct 25 11:11 : update: added ab/music/tri ore.mp3
Oct 25 11:11 : update: added ab/music/tu bin bataye .mp3
Oct 25 11:11 : update: added ab/music/Tu hi Haquiqat tummile.mp3
Oct 25 11:11 : update: added ab/music/Tu hi meri shaab hai.mp3
Oct 25 11:11 : update: added ab/music/Tuje bhula dia dream version.MP3
Oct 25 11:11 : update: added ab/music/Tujhe bhula diya (Lost version) - YouTube.mp3
Oct 25 11:11 : update: added ab/music/Tum Hi Ho - Aashiqui 2 (Punjabi Version).mp3
Oct 25 11:11 : update: added ab/music/tum jo aaye.MP3
Oct 25 11:11 : update: added ab/music/tum mile (love reprise).mp3
Oct 25 11:11 : update: added ab/music/Tum+Hi+Ho+(You+re+the+One)+(English+Version).mp3
Oct 25 11:11 : update: added ab/music/Why not me.MP3
Oct 25 11:11 : update: added ab/music/Why-This-Kolaveri-Di-Full-(FreshMaza.mp3
Oct 25 11:11 : update: added ab/music/XPLORE~1.MP3
Oct 25 11:11 : update: added ab/music/Yariyan.mp3
Oct 25 11:11 : update: added ab/music/Yun Hi.mp3
Oct 25 11:11 : update: added ab/music/Zara Sa (Resuprise) Jannat 3 - Javed Ali Feat. Sammie_2.mp3
Oct 25 11:11 : update: added ab/music/zara zara.mp3
Oct 25 11:11 : update: added ab/music/zeher02(www.song.pk).mp3
Oct 25 11:11 : update: added ab/music/[Songs.PK] 02 - Jism 2 - Yeh Kasoor.mp3
Oct 25 11:11 : update: added ab/music/[Songs.PK] 02 - Palat - Tera Hero Idhar Hai.mp3
Oct 25 11:11 : update: added ab/music/[Songs.PK] 02 - Shake It Like Shammi.mp3
Oct 25 11:11 : update: added ab/music/[Songs.PK] 02 - Uska Hi Banana.mp3
Oct 25 11:11 : update: added ab/music/[Songs.PK] 03 - Kabhi Ruhani Kabhi Rumani.mp3
Oct 25 11:11 : update: added ab/music/[Songs.PK] 06 - Tere Hoke Rehengay (Reprise).mp3
Oct 25 11:11 : update: added ab/music/[Songs.PK] 100 Love Songs - 10 - Tu Muskura.mp3
Oct 25 11:11 : update: added ab/music/[Songs.PK] 100 Love Songs - 16 - Tere Naina.mp3
Oct 25 11:11 : update: added ab/music/[Songs.PK] Agent Vinod - 03 - Raabta.mp3
Oct 25 11:11 : update: added ab/music/[Songs.PK] Agent Vinod - 09 - Raabta (Siyaah Raatein).mp3
Oct 25 11:11 : update: added ab/music/[Songs.PK] Blood Money - 03 - Teri Yaadon Se.mp3
Oct 25 11:11 : update: added ab/music/[Songs.PK] Blood Money - 04 - Jo Tere Sang.mp3
Oct 25 11:11 : update: added ab/music/[Songs.PK] Blood Money - 06 - Gunaah (Unplugged).mp3
Oct 25 11:11 : update: added ab/music/[Songs.PK] Desi Boyz - 05 - Let It Be.mp3
Oct 25 11:11 : update: added ab/music/[Songs.PK] Dum Maaro Dum - 06 - Te Amo (Female).mp3
Oct 25 11:11 : update: added ab/music/[Songs.PK] F.A.L.T.U - 01 - Le Ja Tu Mujhe.mp3
Oct 25 11:11 : update: added ab/music/[Songs.PK] Haunted 3D - 03 - Tera Hi Bas Hona Chaahoon.mp3
Oct 25 11:11 : update: added ab/music/[Songs.PK] Jab Tak Hai Jaan - 04 - Heer (2).mp3
Oct 25 11:11 : update: added ab/music/[Songs.PK] Khiladi 786 - 01 - Lonely.mp3
Oct 25 11:11 : update: added ab/music/[Songs.PK] Khiladi 786 - 03 - Long Drive.mp3
Oct 25 11:11 : update: added ab/music/[Songs.PK] Khiladi 786 - 05 - Hookah Bar.mp3
Oct 25 11:11 : update: added ab/music/[Songs.PK] Murder 2 - 04 - Phir Mohabbat.mp3
Oct 25 11:11 : update: added ab/music/[Songs.PK] Student Of The Year - 02 - Radha.mp3
Oct 25 11:11 : update: added ab/music/[Songs.PK] Student Of The Year - 04 - The Disco Song.mp3
Oct 25 11:11 : update: added ab/music/[Songs.PK] Vicky Donor - 04 - Pani Da Rang (Male).mp3
Oct 25 11:11 : update: added ab/music/[SongsPK.info] Aashiqui 2 - 01 - Tum Hi Ho.mp3
Oct 25 11:11 : update: added ab/music/[SongsPK.info] Aashiqui 2 - 02 - Sunn Raha Hai.mp3
Oct 25 11:11 : update: added ab/music/[SongsPK.info] Aashiqui 2 - 03 - Chahun Main Ya Naa.mp3
Oct 25 11:11 : update: added ab/music/[SongsPK.info] Aashiqui 2 - 05 - Meri Aashiqui.mp3
Oct 25 11:11 : update: added ab/music/[SongsPK.info] Aashiqui 2 - 07 - Bhula Dena.mp3
Oct 25 11:11 : update: added ab/music/[SongsPK.info] Aashiqui 2 - 08 - Aasan Nahin Yahan.mp3
Oct 25 11:11 : update: added ab/music/[SongsPK.info] Aashiqui 2 - 09 - Sunn Raha Hai - Female.mp3
Oct 25 11:11 : update: added ab/music/[SongsPK.info] Race 2 - 02 - Be Intehaan.mp3
Oct 25 11:11 : update: added ab/music/[SongsPK.info] Race 2 - 03 - Lat Lag Gayee.mp3
Oct 25 11:11 : update: added ab/music/[SongsPK.info] Race 2 - 07 - Be Intehaan (Unplugged).mp3
Oct 25 11:11 : update: added ab/ROMANTIC MELODIOUS HEART TOUCHING HINDI SONGS BY~~loveislifeforlovers@gmail.com~~NIKHIL/174 - Dil Leke [loveislifeforlovers@gmail.com]-NIKHIL.mp3
Oct 25 11:11 : update: added ab/ROMANTIC MELODIOUS HEART TOUCHING HINDI SONGS BY~~loveislifeforlovers@gmail.com~~NIKHIL/01 - Mohabbat Aapse [loveislifeforlovers@gmail.com]-NIKHIL.mp3
Oct 25 11:11 : update: added ab/ROMANTIC MELODIOUS HEART TOUCHING HINDI SONGS BY~~loveislifeforlovers@gmail.com~~NIKHIL/02 - Tum Se Hi [loveislifeforlovers@gmail.com]-NIKHIL.mp3
Oct 25 11:11 : update: added ab/ROMANTIC MELODIOUS HEART TOUCHING HINDI SONGS BY~~loveislifeforlovers@gmail.com~~NIKHIL/03 - Aalam Guzrne Ko [loveislifeforlovers@gmail.com]-NIKHIL.mp3
Oct 25 11:11 : update: added ab/ROMANTIC MELODIOUS HEART TOUCHING HINDI SONGS BY~~loveislifeforlovers@gmail.com~~NIKHIL/04 - Soniyo  [loveislifeforlovers@gmail.com]-NIKHIL.mp3
Oct 25 11:11 : update: added ab/ROMANTIC MELODIOUS HEART TOUCHING HINDI SONGS BY~~loveislifeforlovers@gmail.com~~NIKHIL/05 - Tere Bina Lagta Nahin [loveislifeforlovers@gmail.com].mp3
Oct 25 11:11 : update: added ab/ROMANTIC MELODIOUS HEART TOUCHING HINDI SONGS BY~~loveislifeforlovers@gmail.com~~NIKHIL/06 - Hum Hain Is Pal Yahan [loveislifeforlovers@gmail.com]-NIKHIL.mp3
Oct 25 11:11 : update: added ab/ROMANTIC MELODIOUS HEART TOUCHING HINDI SONGS BY~~loveislifeforlovers@gmail.com~~NIKHIL/07 - Pal Pal Har Pal-loveislifeforlovers@gmail.com-NIKHIL.mp3
Oct 25 11:11 : update: added ab/ROMANTIC MELODIOUS HEART TOUCHING HINDI SONGS BY~~loveislifeforlovers@gmail.com~~NIKHIL/08 - Chand Sifarish [loveislifeforlovers@gmail.com]-NIKHIL.mp3
Oct 25 11:11 : update: added ab/ROMANTIC MELODIOUS HEART TOUCHING HINDI SONGS BY~~loveislifeforlovers@gmail.com~~NIKHIL/09 - Aaja Maahi  [loveislifeforlovers@gmail.com]-NIKHIL.mp3
Oct 25 11:11 : update: added ab/ROMANTIC MELODIOUS HEART TOUCHING HINDI SONGS BY~~loveislifeforlovers@gmail.com~~NIKHIL/101- Awaarapan Banjarapan  [loveislifeforlovers@gmail.com]-NIKHIL.mp3
Oct 25 11:11 : update: added ab/ROMANTIC MELODIOUS HEART TOUCHING HINDI SONGS BY~~loveislifeforlovers@gmail.com~~NIKHIL/102 - Aankhen Bandh Karke  [loveislifeforlovers@gmail.com]-NIKHIL.mp3
Oct 25 11:11 : update: added ab/ROMANTIC MELODIOUS HEART TOUCHING HINDI SONGS BY~~loveislifeforlovers@gmail.com~~NIKHIL/103 - Toh Phir Aao  [loveislifeforlovers@gmail.com]-NIKHIL.mp3
Oct 25 11:11 : update: added ab/ROMANTIC MELODIOUS HEART TOUCHING HINDI SONGS BY~~loveislifeforlovers@gmail.com~~NIKHIL/104 - Vaada Raha  [loveislifeforlovers@gmail.com]-NIKHIL.mp3
Oct 25 11:11 : update: added ab/ROMANTIC MELODIOUS HEART TOUCHING HINDI SONGS BY~~loveislifeforlovers@gmail.com~~NIKHIL/105 - Kaise Tum Pyar Karo  [loveislifeforlovers@gmail.com]-NIKHIL.mp3
Oct 25 11:11 : update: added ab/ROMANTIC MELODIOUS HEART TOUCHING HINDI SONGS BY~~loveislifeforlovers@gmail.com~~NIKHIL/106 - Pehli Baar Mohabbat  [loveislifeforlovers@gmail.com]-NIKHIL.mp3
Oct 25 11:11 : update: added ab/ROMANTIC MELODIOUS HEART TOUCHING HINDI SONGS BY~~loveislifeforlovers@gmail.com~~NIKHIL/107 - Tera Mera Rishta [loveislifeforlovers@gmail.com]-NIKHIL.mp3
Oct 25 11:11 : update: added ab/ROMANTIC MELODIOUS HEART TOUCHING HINDI SONGS BY~~loveislifeforlovers@gmail.com~~NIKHIL/108 - Sona Lagda [loveislifeforlovers@gmail.com]-NIKHIL.mp3
Oct 25 11:11 : update: added ab/ROMANTIC MELODIOUS HEART TOUCHING HINDI SONGS BY~~loveislifeforlovers@gmail.com~~NIKHIL/109 - Odhani Odheke Naachu [loveislifeforlovers@gmail.com]-NIKHIL.MP3
Oct 25 11:11 : update: added ab/ROMANTIC MELODIOUS HEART TOUCHING HINDI SONGS BY~~loveislifeforlovers@gmail.com~~NIKHIL/110 - Waada Raha [loveislifeforlovers@gmail.com]-NIKHIL.MP3
Oct 25 11:11 : update: added ab/ROMANTIC MELODIOUS HEART TOUCHING HINDI SONGS BY~~loveislifeforlovers@gmail.com~~NIKHIL/111 - Chup Ke Se Koi [loveislifeforlovers@gmail.com]-NIKHIL.mp3
Oct 25 11:11 : update: added ab/ROMANTIC MELODIOUS HEART TOUCHING HINDI SONGS BY~~loveislifeforlovers@gmail.com~~NIKHIL/112 - Aa Jeele Ek Pal [loveislifeforlovers@gmail.com]-NIKHIL.mp3
Oct 25 11:11 : update: added ab/ROMANTIC MELODIOUS HEART TOUCHING HINDI SONGS BY~~loveislifeforlovers@gmail.com~~NIKHIL/113 - Ehsaan [loveislifeforlovers@gmail.com]-NIKHIL.mp3
Oct 25 11:11 : update: added ab/ROMANTIC MELODIOUS HEART TOUCHING HINDI SONGS BY~~loveislifeforlovers@gmail.com~~NIKHIL/114 -  Kaise Piya Se [loveislifeforlovers@gmail.com]-NIKHIL.mp3
Oct 25 11:11 : update: added ab/ROMANTIC MELODIOUS HEART TOUCHING HINDI SONGS BY~~loveislifeforlovers@gmail.com~~NIKHIL/115 - Tum Saath Ho [loveislifeforlovers@gmail.com]-NIKHIL.mp3
Oct 25 11:11 : update: added ab/ROMANTIC MELODIOUS HEART TOUCHING HINDI SONGS BY~~loveislifeforlovers@gmail.com~~NIKHIL/116 -  Diwana Dil [loveislifeforlovers@gmail.com]-NIKHIL.mp3
Oct 25 11:11 : update: added ab/ROMANTIC MELODIOUS HEART TOUCHING HINDI SONGS BY~~loveislifeforlovers@gmail.com~~NIKHIL/117 - Tu Jaane Na [loveislifeforlovers@gmail.com]-NIKHIL.mp3
Oct 25 11:11 : update: added ab/ROMANTIC MELODIOUS HEART TOUCHING HINDI SONGS BY~~loveislifeforlovers@gmail.com~~NIKHIL/118 - Ajj Din Chadheya [loveislifeforlovers@gmail.com]-NIKHIL.mp3
Oct 25 11:11 : update: added ab/ROMANTIC MELODIOUS HEART TOUCHING HINDI SONGS BY~~loveislifeforlovers@gmail.com~~NIKHIL/10 - Kal Nau Baje  [loveislifeforlovers@gmail.com]-NIKHIL.mp3
Oct 25 11:11 : update: added ab/ROMANTIC MELODIOUS HEART TOUCHING HINDI SONGS BY~~loveislifeforlovers@gmail.com~~NIKHIL/11 - Labon Ko [loveislifeforlovers@gmail.com]-NIKHIL.mp3
Oct 25 11:11 : update: added ab/ROMANTIC MELODIOUS HEART TOUCHING HINDI SONGS BY~~loveislifeforlovers@gmail.com~~NIKHIL/119 - Are Jaane Kaisa Kab [loveislifeforlovers@gmail.com]-NIKHIL.mp3
Oct 25 11:11 : update: added ab/ROMANTIC MELODIOUS HEART TOUCHING HINDI SONGS BY~~loveislifeforlovers@gmail.com~~NIKHIL/129 - Haaye Rama Yeh Kya Kar Daala [loveislifeforlovers@gmail.com]-NIKHIL.mp3
Oct 25 11:11 : update: added ab/ROMANTIC MELODIOUS HEART TOUCHING HINDI SONGS BY~~loveislifeforlovers@gmail.com~~NIKHIL/138 - Koi To Saathi [loveislifeforlovers@gmail.com]-NIKHIL.mp3
Oct 25 11:11 : update: added ab/ROMANTIC MELODIOUS HEART TOUCHING HINDI SONGS BY~~loveislifeforlovers@gmail.com~~NIKHIL/147 - Zara Zara [loveislifeforlovers@gmail.com]-NIKHIL.mp3
Oct 25 11:11 : update: added ab/ROMANTIC MELODIOUS HEART TOUCHING HINDI SONGS BY~~loveislifeforlovers@gmail.com~~NIKHIL/156 - Nazar Ke Samne Jigar Ke Paas [loveislifeforlovers@gmail.com]-NIKHIL.mp3
Oct 25 11:11 : update: added ab/ROMANTIC MELODIOUS HEART TOUCHING HINDI SONGS BY~~loveislifeforlovers@gmail.com~~NIKHIL/165 - Ye Dooriyan [loveislifeforlovers@gmail.com]-NIKHIL.mp3
Oct 25 11:11 : update: added ab/ROMANTIC MELODIOUS HEART TOUCHING HINDI SONGS BY~~loveislifeforlovers@gmail.com~~NIKHIL/12 - Kehna Hi Kya [loveislifeforlovers@gmail.com]-NIKHIL.mp3
Oct 25 11:11 : update: added ab/ROMANTIC MELODIOUS HEART TOUCHING HINDI SONGS BY~~loveislifeforlovers@gmail.com~~NIKHIL/121 - Chand Sitare [loveislifeforlovers@gmail.com]-NIKHIL.mp3
Oct 25 11:11 : update: added ab/ROMANTIC MELODIOUS HEART TOUCHING HINDI SONGS BY~~loveislifeforlovers@gmail.com~~NIKHIL/122 - Bin Tere Kya Hai Jeena [loveislifeforlovers@gmail.com]-NIKHIL.mp3
Oct 25 11:11 : update: added ab/ROMANTIC MELODIOUS HEART TOUCHING HINDI SONGS BY~~loveislifeforlovers@gmail.com~~NIKHIL/123 - Dheere Dheere Se [loveislifeforlovers@gmail.com]-NIKHIL.mp3
Oct 25 11:11 : update: added ab/ROMANTIC MELODIOUS HEART TOUCHING HINDI SONGS BY~~loveislifeforlovers@gmail.com~~NIKHIL/124 - Dil Hai Tumahara [loveislifeforlovers@gmail.com]-NIKHIL.mp3
Oct 25 11:11 : update: added ab/ROMANTIC MELODIOUS HEART TOUCHING HINDI SONGS BY~~loveislifeforlovers@gmail.com~~NIKHIL/125 - Dil Ka Aalam [loveislifeforlovers@gmail.com]-NIKHIL.mp3
Oct 25 11:11 : update: added ab/ROMANTIC MELODIOUS HEART TOUCHING HINDI SONGS BY~~loveislifeforlovers@gmail.com~~NIKHIL/126 - Dil Ka Rista [loveislifeforlovers@gmail.com]-NIKHIL.mp3
Oct 25 11:11 : update: added ab/ROMANTIC MELODIOUS HEART TOUCHING HINDI SONGS BY~~loveislifeforlovers@gmail.com~~NIKHIL/127 - Dil Ne Yeh Kaha [loveislifeforlovers@gmail.com]-NIKHIL.mp3
Oct 25 11:11 : update: added ab/ROMANTIC MELODIOUS HEART TOUCHING HINDI SONGS BY~~loveislifeforlovers@gmail.com~~NIKHIL/128 - Haa Maine Bhi Pyar Kiya Hai [loveislifeforlovers@gmail.com]-NIKHIL.mp3
Oct 25 11:11 : update: added ab/ROMANTIC MELODIOUS HEART TOUCHING HINDI SONGS BY~~loveislifeforlovers@gmail.com~~NIKHIL/13 - Ishq Ada [loveislifeforlovers@gmail.com]-NIKHIL.mp3
Oct 25 11:11 : update: added ab/ROMANTIC MELODIOUS HEART TOUCHING HINDI SONGS BY~~loveislifeforlovers@gmail.com~~NIKHIL/130 - Humne Ghar Choda Hai [loveislifeforlovers@gmail.com]-NIKHIL.mp3
Oct 25 11:11 : update: added ab/ROMANTIC MELODIOUS HEART TOUCHING HINDI SONGS BY~~loveislifeforlovers@gmail.com~~NIKHIL/131 - Kehta Hai Pal Pal [loveislifeforlovers@gmail.com]-NIKHIL.mp3
Oct 25 11:11 : update: added ab/ROMANTIC MELODIOUS HEART TOUCHING HINDI SONGS BY~~loveislifeforlovers@gmail.com~~NIKHIL/132 - Jab Kisi Ki Taraf [loveislifeforlovers@gmail.com]-NIKHIL.mp3
Oct 25 11:11 : update: added ab/ROMANTIC MELODIOUS HEART TOUCHING HINDI SONGS BY~~loveislifeforlovers@gmail.com~~NIKHIL/133 - Jashn-E-Bahaara [loveislifeforlovers@gmail.com]-NIKHIL.mp3
Oct 25 11:11 : update: added ab/ROMANTIC MELODIOUS HEART TOUCHING HINDI SONGS BY~~loveislifeforlovers@gmail.com~~NIKHIL/134 - Jiya Dhadak Dhadak Jaaye [loveislifeforlovers@gmail.com]-NIKHIL.mp3
Oct 25 11:11 : update: added ab/ROMANTIC MELODIOUS HEART TOUCHING HINDI SONGS BY~~loveislifeforlovers@gmail.com~~NIKHIL/135 - Hum Hai Iss Pal Yahan [loveislifeforlovers@gmail.com]-NIKHIL.mp3
Oct 25 11:11 : update: added ab/ROMANTIC MELODIOUS HEART TOUCHING HINDI SONGS BY~~loveislifeforlovers@gmail.com~~NIKHIL/136 - Kitni Bechain Hoke [loveislifeforlovers@gmail.com]-NIKHIL.mp3
Oct 25 11:11 : update: added ab/ROMANTIC MELODIOUS HEART TOUCHING HINDI SONGS BY~~loveislifeforlovers@gmail.com~~NIKHIL/137 - Pyar Ke Pal [loveislifeforlovers@gmail.com]-NIKHIL.mp3
Oct 25 11:11 : update: added ab/ROMANTIC MELODIOUS HEART TOUCHING HINDI SONGS BY~~loveislifeforlovers@gmail.com~~NIKHIL/139 - Kuch Kuch Hota Hai [loveislifeforlovers@gmail.com]-NIKHIL.mp3
Oct 25 11:11 : update: added ab/ROMANTIC MELODIOUS HEART TOUCHING HINDI SONGS BY~~loveislifeforlovers@gmail.com~~NIKHIL/14 - Khabar Nahin [loveislifeforlovers@gmail.com]-NIKHIL.mp3
Oct 25 11:11 : update: added ab/ROMANTIC MELODIOUS HEART TOUCHING HINDI SONGS BY~~loveislifeforlovers@gmail.com~~NIKHIL/140 - Leja Leja [loveislifeforlovers@gmail.com]-NIKHIL.mp3
Oct 25 11:11 : update: added ab/ROMANTIC MELODIOUS HEART TOUCHING HINDI SONGS BY~~loveislifeforlovers@gmail.com~~NIKHIL/141 - Shaam Saavere Teri Yaadein [loveislifeforlovers@gmail.com]-NIKHIL.mp3
Oct 25 11:11 : update: added ab/ROMANTIC MELODIOUS HEART TOUCHING HINDI SONGS BY~~loveislifeforlovers@gmail.com~~NIKHIL/142 - Meri Tarah Tu Bhi [loveislifeforlovers@gmail.com]-NIKHIL.mp3
Oct 25 11:11 : update: added ab/ROMANTIC MELODIOUS HEART TOUCHING HINDI SONGS BY~~loveislifeforlovers@gmail.com~~NIKHIL/143 - Aankhein Khuli [loveislifeforlovers@gmail.com]-NIKHIL.mp3
Oct 25 11:11 : update: added ab/ROMANTIC MELODIOUS HEART TOUCHING HINDI SONGS BY~~loveislifeforlovers@gmail.com~~NIKHIL/144 - Piya Basanti [loveislifeforlovers@gmail.com]-NIKHIL.mp3
Oct 25 11:11 : update: added ab/ROMANTIC MELODIOUS HEART TOUCHING HINDI SONGS BY~~loveislifeforlovers@gmail.com~~NIKHIL/145 - Rabba Rabba [loveislifeforlovers@gmail.com]-NIKHIL.mp3
Oct 25 11:11 : update: added ab/ROMANTIC MELODIOUS HEART TOUCHING HINDI SONGS BY~~loveislifeforlovers@gmail.com~~NIKHIL/146 - Pehli Pehli Baar Hai [loveislifeforlovers@gmail.com]-NIKHIL.mp3
Oct 25 11:11 : update: added ab/ROMANTIC MELODIOUS HEART TOUCHING HINDI SONGS BY~~loveislifeforlovers@gmail.com~~NIKHIL/148 - Chate Chalte [loveislifeforlovers@gmail.com]-NIKHIL.mp3
Oct 25 11:11 : update: added ab/ROMANTIC MELODIOUS HEART TOUCHING HINDI SONGS BY~~loveislifeforlovers@gmail.com~~NIKHIL/149 - Saathiya [loveislifeforlovers@gmail.com]-NIKHIL.mp3
Oct 25 11:11 : update: added ab/ROMANTIC MELODIOUS HEART TOUCHING HINDI SONGS BY~~loveislifeforlovers@gmail.com~~NIKHIL/15 - Ek din teri raahon [loveislifeforlovers@gmail.com]-NIKHIL.mp3
Oct 25 11:11 : update: added ab/ROMANTIC MELODIOUS HEART TOUCHING HINDI SONGS BY~~loveislifeforlovers@gmail.com~~NIKHIL/150 - Suraj Hua Madhayam [loveislifeforlovers@gmail.com]-NIKHIL.mp3
Oct 25 11:11 : avahi: Failed to add service _mpd._tcp: Local name collision
Oct 25 11:11 : exception: OutputThread could not get realtime scheduling, continuing anyway: sched_setscheduler failed: Operation not permitted
Oct 25 11:12 : exception: OutputThread could not get realtime scheduling, continuing anyway: sched_setscheduler failed: Operation not permitted
Oct 25 11:12 : avahi: Service 'Music Player' successfully established.
Oct 25 11:14 : client: [0] opened from 127.0.0.1:58504
Oct 25 11:14 : exception: OutputThread could not get realtime scheduling, continuing anyway: sched_setscheduler failed: Operation not permitted
Oct 25 11:16 : client: [0] closed
Oct 25 11:19 : player: played "02 Itni Si Baat Hain (SongsMp3.Com).mp3"
Oct 25 11:19 : client: [1] opened from 127.0.0.1:58544
Oct 25 11:19 : client: [1] closed
Oct 25 11:19 : client: [2] opened from 127.0.0.1:58546
Oct 25 11:19 : client: [2] closed
Oct 25 11:20 : client: [3] opened from 127.0.0.1:58548
Oct 25 11:20 : client: [4] opened from 127.0.0.1:58550
Oct 25 11:20 : player: played "Maroon V/Maroon 5 - V (2014)/Animals - Maroon 5 [FLAC Lossless].flac"
Oct 25 11:20 : client: [4] closed
Oct 25 11:20 : client: [5] opened from 127.0.0.1:58552
Oct 25 11:20 : client: [5] closed
Oct 25 11:20 : client: [6] opened from 127.0.0.1:58554
Oct 25 11:20 : client: [6] closed
Oct 25 11:20 : client: [7] opened from 127.0.0.1:58556
Oct 25 11:20 : client: [7] closed
Oct 25 11:20 : client: [3] closed
Oct 25 11:22 : client: [8] opened from 127.0.0.1:58586
Oct 25 11:22 : client: [8] closed
Oct 25 11:24 : player: played "Maroon V/Maroon 5 - V (2014)/It Was Always You - Maroon 5 [FLAC Lossless].flac"
Oct 25 11:25 : client: [9] opened from 127.0.0.1:58630
Oct 25 11:26 : client: [9] closed
Oct 25 11:27 : player: played "Maroon V/Maroon 5 - V (2014)/Maps - Maroon 5 [FLAC Lossless].flac"
Oct 25 11:30 : client: [10] opened from 127.0.0.1:58672
Oct 25 11:30 : client: [10] closed
Oct 25 11:31 : player: played "Maroon V/Maroon 5 - V (2014)/Unkiss Me - Maroon 5 [FLAC Lossless].flac"
Oct 25 11:33 : client: [11] opened from 127.0.0.1:58728
Oct 25 11:33 : client: [11] closed
Oct 25 11:33 : client: [12] opened from 127.0.0.1:58730
Oct 25 11:33 : client: [13] opened from 127.0.0.1:58732
Oct 25 11:33 : client: [13] closed
Oct 25 11:33 : client: [12] closed
Oct 25 11:37 : player: played "Maroon V/Overexposed (2012)/05 - The Man Who Never Lied (www.SongsLover.pk).mp3"
Oct 25 11:37 : client: [14] opened from 127.0.0.1:58776
Oct 25 11:37 : client: [14] closed
Oct 25 11:38 : client: [15] opened from 127.0.0.1:58778
Oct 25 11:38 : client: [16] opened from 127.0.0.1:58780
Oct 25 11:38 : client: [16] closed
Oct 25 11:38 : client: [15] closed
Oct 25 11:38 : client: [17] opened from 127.0.0.1:58782
Oct 25 11:39 : client: [17] closed
Oct 25 11:40 : client: [18] opened from 127.0.0.1:58784
Oct 25 11:40 : client: [18] closed
Oct 25 11:40 : client: [19] opened from 127.0.0.1:58788
Oct 25 11:40 : client: [20] opened from 127.0.0.1:58790
Oct 25 11:40 : client: [20] closed
Oct 25 11:40 : client: [19] closed
Oct 25 11:41 : client: [21] opened from 127.0.0.1:58792
Oct 25 11:41 : client: [21] closed
Oct 25 11:41 : client: [22] opened from 127.0.0.1:58794
Oct 25 11:41 : client: [22] closed
Oct 25 11:42 : player: played "Maroon V/Overexposed (2012)/12 - Beautiful Goodbye (www.SongsLover.pk).mp3"
Oct 25 11:46 : player: played "Maroon V/Overexposed (2012)/13 - Maroon 5 - Wipe Your Eyes.mp3"
Oct 25 11:47 : client: [23] opened from 127.0.0.1:58850
Oct 25 11:47 : client: [23] closed
Oct 25 11:48 : client: [24] opened from 127.0.0.1:58870
Oct 25 11:48 : client: [24] closed
Oct 25 11:48 : client: [25] opened from 127.0.0.1:58872
Oct 25 11:49 : client: [25] closed
Oct 25 11:49 : client: [26] opened from 127.0.0.1:58884
Oct 25 11:49 : client: [26] closed
Oct 25 11:50 : client: [27] opened from 127.0.0.1:58886
Oct 25 11:50 : client: [27] closed
Oct 25 11:50 : client: [28] opened from 127.0.0.1:58888
Oct 25 11:50 : client: [28] closed
Oct 25 11:51 : player: played "01 Sanam Teri Kasam (Title Song) Ankit Tiwari 190Kbps.mp3"
Oct 25 11:52 : client: [29] opened from 127.0.0.1:58912
Oct 25 11:52 : client: [29] closed
Oct 25 11:56 : player: played "01 Bol Do Na Zara.mp3"
Oct 25 12:00 : client: [30] opened from 127.0.0.1:59002
Oct 25 12:01 : client: [30] closed
Oct 25 12:01 : client: [31] opened from 127.0.0.1:59004
Oct 25 12:04 : client: [31] closed
Oct 25 12:04 : player: played "04_-_Manchala(MyMp3Song.Com).mp3"
Oct 25 12:07 : player: played "03 Hasi (Amit Mishra) Hamari Adhuri Kahani - 190Kbps.mp3"
Oct 25 14:38 : exception: OutputThread could not get realtime scheduling, continuing anyway: sched_setscheduler failed: Operation not permitted
Oct 25 14:38 : exception: OutputThread could not get realtime scheduling, continuing anyway: sched_setscheduler failed: Operation not permitted
Oct 25 14:38 : avahi: Service 'Music Player' successfully established.
Oct 25 14:38 : client: [0] opened from 127.0.0.1:60322
Oct 25 14:39 : client: [0] closed
Oct 25 14:39 : client: [1] opened from 127.0.0.1:60372
Oct 25 14:40 : player: played "03 Hasi (Amit Mishra) Hamari Adhuri Kahani - 190Kbps.mp3"
Oct 25 14:41 : client: [1] closed
Oct 25 14:41 : client: [2] opened from 127.0.0.1:60390
Oct 25 14:41 : client: [2] closed
Oct 25 14:41 : client: [3] opened from 127.0.0.1:60394
Oct 25 14:42 : player: played "05 The Chainsmokers and Coldplay - Something Just Like This.mp3"
Oct 25 17:31 : exception: OutputThread could not get realtime scheduling, continuing anyway: sched_setscheduler failed: Operation not permitted
Oct 25 17:31 : exception: OutputThread could not get realtime scheduling, continuing anyway: sched_setscheduler failed: Operation not permitted
Oct 25 17:31 : avahi: Service 'Music Player' successfully established.
Oct 25 17:31 : client: [0] opened from 127.0.0.1:39308
Oct 25 17:31 : client: [1] opened from 127.0.0.1:39310
Oct 25 17:33 : client: [2] opened from 127.0.0.1:39340
Oct 25 17:33 : client: [2] closed
Oct 25 17:37 : client: [1] closed
Oct 25 17:37 : player: played "42. MERE MEHBOOB.m4a"
Oct 25 23:16 : exception: OutputThread could not get realtime scheduling, continuing anyway: sched_setscheduler failed: Operation not permitted
Oct 25 23:16 : exception: OutputThread could not get realtime scheduling, continuing anyway: sched_setscheduler failed: Operation not permitted
Oct 25 23:16 : client: [0] opened from 127.0.0.1:35324
Oct 25 23:16 : avahi: Service 'Music Player' successfully established.
Oct 25 23:17 : client: [1] opened from 127.0.0.1:35334
Oct 25 23:17 : client: [1] closed
Oct 25 23:20 : player: played "Kabhi Kabhi Mere Dil Mein Duet-(Mr-Jatt.com).mp3"
Oct 26 19:58 : exception: OutputThread could not get realtime scheduling, continuing anyway: sched_setscheduler failed: Operation not permitted
Oct 26 19:58 : exception: OutputThread could not get realtime scheduling, continuing anyway: sched_setscheduler failed: Operation not permitted
Oct 26 19:58 : avahi: Service 'Music Player' successfully established.
Oct 26 19:58 : client: [0] opened from 127.0.0.1:40868
Oct 26 20:00 : client: [0] closed
Oct 26 20:00 : client: [1] opened from 127.0.0.1:40898
Oct 26 20:00 : player: played "Kabhi Kabhi Mere Dil Mein Duet-(Mr-Jatt.com).mp3"
Oct 26 20:00 : exception: OutputThread could not get realtime scheduling, continuing anyway: sched_setscheduler failed: Operation not permitted
Oct 26 20:00 : exception: OutputThread could not get realtime scheduling, continuing anyway: sched_setscheduler failed: Operation not permitted
Oct 26 20:00 : client: [0] opened from 127.0.0.1:40906
Oct 26 20:00 : avahi: Service 'Music Player' successfully established.
Oct 26 20:00 : player: played "Kabhi Kabhi Mere Dil Mein Duet-(Mr-Jatt.com).mp3"
Oct 26 20:00 : exception: OutputThread could not get realtime scheduling, continuing anyway: sched_setscheduler failed: Operation not permitted
Oct 26 20:00 : exception: OutputThread could not get realtime scheduling, continuing anyway: sched_setscheduler failed: Operation not permitted
Oct 26 20:00 : client: [0] opened from 127.0.0.1:40916
Oct 26 20:00 : avahi: Service 'Music Player' successfully established.
Oct 26 20:00 : client: [1] opened from 127.0.0.1:40918
Oct 26 20:01 : client: [1] closed
Oct 26 20:01 : player: played "03 Bewajah - Sanam Teri Kasam (Himesh Reshammiya) 190Kbps.mp3"
Oct 26 20:01 : exception: OutputThread could not get realtime scheduling, continuing anyway: sched_setscheduler failed: Operation not permitted
Oct 26 20:01 : exception: OutputThread could not get realtime scheduling, continuing anyway: sched_setscheduler failed: Operation not permitted
Oct 26 20:01 : client: [0] opened from 127.0.0.1:40964
Oct 26 20:01 : avahi: Service 'Music Player' successfully established.
Oct 26 20:02 : exception: "pulse audio" [pulse] failed to play: suspended
Oct 26 20:02 : client: [1] opened from 127.0.0.1:40966
Oct 26 20:04 : player: played "01 Bol Do Na Zara.mp3"
Oct 26 20:10 : exception: OutputThread could not get realtime scheduling, continuing anyway: sched_setscheduler failed: Operation not permitted
Oct 26 20:10 : exception: OutputThread could not get realtime scheduling, continuing anyway: sched_setscheduler failed: Operation not permitted
Oct 26 20:10 : client: [0] opened from 127.0.0.1:42320
Oct 26 20:10 : client: [1] opened from 127.0.0.1:42322
Oct 26 20:10 : avahi: Service 'Music Player' successfully established.
Oct 26 20:11 : client: [1] closed
Oct 26 20:11 : client: [2] opened from 127.0.0.1:42334
Oct 26 20:12 : client: [2] closed
Oct 26 20:12 : client: [3] opened from 127.0.0.1:42342
Oct 26 20:13 : client: [3] closed
Oct 26 20:13 : client: [4] opened from 127.0.0.1:42358
Oct 26 20:13 : player: played "01 Bol Do Na Zara.mp3"
Oct 26 20:13 : player: played "03 Bewajah - Sanam Teri Kasam (Himesh Reshammiya) 190Kbps.mp3"
Oct 26 20:14 : exception: OutputThread could not get realtime scheduling, continuing anyway: sched_setscheduler failed: Operation not permitted
Oct 26 20:14 : exception: OutputThread could not get realtime scheduling, continuing anyway: sched_setscheduler failed: Operation not permitted
Oct 26 20:14 : client: [0] opened from 127.0.0.1:42428
Oct 26 20:14 : avahi: Service 'Music Player' successfully established.
Oct 26 20:14 : client: [1] opened from 127.0.0.1:42430
Oct 26 20:14 : player: played "03 Bewajah - Sanam Teri Kasam (Himesh Reshammiya) 190Kbps.mp3"
Oct 26 20:14 : exception: OutputThread could not get realtime scheduling, continuing anyway: sched_setscheduler failed: Operation not permitted
Oct 26 20:14 : exception: OutputThread could not get realtime scheduling, continuing anyway: sched_setscheduler failed: Operation not permitted
Oct 26 20:14 : client: [0] opened from 127.0.0.1:42444
Oct 26 20:14 : client: [1] opened from 127.0.0.1:42446
Oct 26 20:14 : avahi: Service 'Music Player' successfully established.
Oct 26 20:15 : client: [0] closed
Oct 26 20:15 : client: [2] opened from 127.0.0.1:42454
Oct 26 20:15 : client: [2] closed
Oct 26 20:15 : client: [3] opened from 127.0.0.1:42462
Oct 26 20:16 : client: [3] closed
Oct 26 20:16 : client: [4] opened from 127.0.0.1:42470
Oct 26 20:16 : client: [4] closed
Oct 26 20:16 : client: [5] opened from 127.0.0.1:42472
Oct 26 20:16 : player: played "03 Bewajah - Sanam Teri Kasam (Himesh Reshammiya) 190Kbps.mp3"
Oct 26 20:16 : exception: OutputThread could not get realtime scheduling, continuing anyway: sched_setscheduler failed: Operation not permitted
Oct 26 20:16 : exception: OutputThread could not get realtime scheduling, continuing anyway: sched_setscheduler failed: Operation not permitted
Oct 26 20:17 : client: [0] opened from 127.0.0.1:42504
Oct 26 20:17 : client: [1] opened from 127.0.0.1:42506
Oct 26 20:17 : avahi: Service 'Music Player' successfully established.
Oct 26 20:18 : client: [2] opened from 127.0.0.1:42560
Oct 26 20:18 : client: [2] closed
Oct 26 20:19 : player: played "03 Bewajah - Sanam Teri Kasam (Himesh Reshammiya) 190Kbps.mp3"
Oct 26 20:20 : client: [0] closed
Oct 26 20:20 : client: [3] opened from 127.0.0.1:42630
Oct 26 20:21 : client: [3] closed
Oct 26 20:21 : client: [4] opened from 127.0.0.1:42642
Oct 26 20:21 : client: [4] closed
Oct 26 20:21 : client: [5] opened from 127.0.0.1:42652
Oct 26 20:22 : client: [5] closed
Oct 26 20:22 : client: [6] opened from 127.0.0.1:42664
Oct 26 20:22 : player: played "04_-_Manchala(MyMp3Song.Com).mp3"
Oct 26 20:23 : client: [7] opened from 127.0.0.1:42670
Oct 26 20:23 : client: [7] closed
Oct 26 20:23 : client: [6] closed
Oct 26 20:23 : client: [8] opened from 127.0.0.1:42684
Oct 26 20:23 : client: [8] closed
Oct 26 20:23 : client: [9] opened from 127.0.0.1:42692
Oct 26 20:27 : player: played "05 The Chainsmokers and Coldplay - Something Just Like This.mp3"
Oct 26 20:30 : client: [9] closed
Oct 26 20:30 : client: [10] opened from 127.0.0.1:42814
Oct 26 20:30 : player: played "44. KHIZA KE PHOOL.m4a"
Oct 26 20:31 : client: [10] closed
Oct 26 20:31 : client: [11] opened from 127.0.0.1:42834
Oct 26 20:32 : client: [11] closed
Oct 26 20:32 : client: [12] opened from 127.0.0.1:42842
Oct 26 20:34 : player: played "42. MERE MEHBOOB.m4a"
Oct 26 20:39 : player: played "Kabhi Kabhi Mere Dil Mein Duet-(Mr-Jatt.com).mp3"
Oct 26 20:43 : client: [13] opened from 127.0.0.1:43680
Oct 26 20:44 : player: played "Main Laut Aunga.mp3"
Oct 26 20:45 : client: [13] closed
Oct 26 20:49 : player: played "26. AATE JATE KHOOBSURAT.m4a"
Oct 26 20:54 : player: played "27. CHHUP GAYE SARE NAZARE.m4a"
Oct 26 20:55 : exception: "pulse audio" [pulse] failed to play: disconnected
Oct 26 20:55 : player: played "33. HUMEIN TUMSE PYAR KITNA.m4a"
Oct 29 17:55 : exception: OutputThread could not get realtime scheduling, continuing anyway: sched_setscheduler failed: Operation not permitted
Oct 29 17:55 : exception: OutputThread could not get realtime scheduling, continuing anyway: sched_setscheduler failed: Operation not permitted
Oct 29 17:55 : avahi: Service 'Music Player' successfully established.
Oct 29 17:55 : client: [0] opened from 127.0.0.1:35518
Oct 29 17:55 : client: [1] opened from 127.0.0.1:35520
Oct 29 17:56 : client: [2] opened from 127.0.0.1:35522
Oct 29 17:56 : ffmpeg/mov,mp4,m4a,3gp,3g2,mj2: stream 0, timescale not set
Oct 29 17:56 : client: [2] closed
Oct 29 18:02 : player: played "Mera Jahan Video Song _ Gajendra Verma _ Latest Hindi Songs 2017 _ T-Series-j9jlAww4nHQ.m4a"
Oct 29 18:07 : player: played "Kabhi Kabhi Mere Dil Mein Duet-(Mr-Jatt.com).mp3"
Oct 29 18:12 : player: played "Main Laut Aunga.mp3"
Oct 29 18:16 : client: [3] opened from 127.0.0.1:35798
Oct 29 18:16 : client: [3] closed
Oct 29 21:12 : exception: OutputThread could not get realtime scheduling, continuing anyway: sched_setscheduler failed: Operation not permitted
Oct 29 21:12 : client: [0] opened from 127.0.0.1:40438
Oct 29 21:12 : avahi: Service 'Music Player' successfully established.
Oct 29 21:13 : client: [1] opened from 127.0.0.1:40442
Oct 29 21:13 : exception: OutputThread could not get realtime scheduling, continuing anyway: sched_setscheduler failed: Operation not permitted
Oct 29 21:13 : client: [1] closed
Oct 29 21:14 : player: played "26. AATE JATE KHOOBSURAT.m4a"
Oct 29 21:17 : client: [2] opened from 127.0.0.1:40506
Oct 29 21:17 : client: [2] closed
Oct 29 21:19 : client: [3] opened from 127.0.0.1:40522
Oct 29 21:19 : player: played "27. CHHUP GAYE SARE NAZARE.m4a"
Oct 29 21:19 : client: [3] closed
Oct 29 21:19 : client: [4] opened from 127.0.0.1:40524
Oct 29 21:19 : client: [4] closed
Oct 29 21:23 : client: [5] opened from 127.0.0.1:40634
Oct 29 21:23 : client: [5] closed
Oct 29 21:57 : client: [6] opened from 127.0.0.1:41204
Oct 29 21:57 : client: [6] closed
Oct 29 21:58 : player: played "27. CHHUP GAYE SARE NAZARE.m4a"
Oct 29 22:02 : ffmpeg/mov,mp4,m4a,3gp,3g2,mj2: stream 0, timescale not set
Oct 29 22:02 : player: played "33. HUMEIN TUMSE PYAR KITNA.m4a"
Oct 29 22:06 : player: played "Love You No More.m4a"
Oct 29 22:09 : player: played "ab/music/Aaj Phir (Hate Story 2) Arijit Singh (128Kbps Webrip).mp3"
Oct 29 22:14 : client: [7] opened from 127.0.0.1:41308
Oct 29 22:14 : player: played "Mera Jahan Video Song _ Gajendra Verma _ Latest Hindi Songs 2017 _ T-Series-j9jlAww4nHQ.m4a"
Oct 29 22:14 : client: [7] closed
Oct 29 22:14 : client: [8] opened from 127.0.0.1:41310
Oct 29 22:14 : client: [8] closed
Oct 29 22:14 : client: [9] opened from 127.0.0.1:41312
Oct 29 22:19 : client: [10] opened from 127.0.0.1:41330
Oct 29 22:19 : client: [10] closed
Oct 29 22:19 : client: [11] opened from 127.0.0.1:41332
Oct 29 22:19 : client: [11] closed
Oct 29 22:19 : client: [12] opened from 127.0.0.1:41368
Oct 29 22:19 : client: [12] closed
Oct 29 22:24 : client: [13] opened from 127.0.0.1:41410
Oct 29 22:24 : client: [13] closed
Oct 29 22:27 : player: played "Maroon V/Maroon 5 - V (2014)/It Was Always You - Maroon 5 [FLAC Lossless].flac"
Oct 29 22:31 : player: played "Maroon V/Maroon 5 - V (2014)/Maps - Maroon 5 [FLAC Lossless].flac"
Oct 29 22:32 : client: [14] opened from 127.0.0.1:41458
Oct 29 22:32 : client: [14] closed
